 SLURM_JOB_ID = 15384
 SLURM_NTASKS = 16
 SLURM_NNODES = 16
 SLURM_NTASKS_PER_NODE = 1
 SLURM_CPUS_PER_TASK = 112
 SLURM_TASK_PID = 2269059
 SLURM_NODELIST = icpnq[134-149]
 SLURM_SUBMIT_DIR = /home/u6945379/QSVT-implementation
 SLURM_MEM_BIND = none
 SLURM_MPI_TYPE = pmix
 OMP_PROC_BIND = 
 OMP_PLACES = 
 OMP_DYNAMIC = 
 
:: WARNING: setvars.sh has already been run. Skipping re-execution.
   To force a re-execution of setvars.sh, use the '--force' option.
   Using '--force' can result in excessive use of your environment variables.
  
usage: source setvars.sh [--force] [--config=file] [--help] [...]
  --force        Force setvars.sh to re-run, doing so may overload environment.
  --config=file  Customize env vars using a setvars.sh configuration file.
  --help         Display this help message and exit.
  ...            Additional args are passed to individual env/vars.sh scripts
                 and should follow this script's arguments.
  
  Some POSIX shells do not accept command-line options. In that case, you can pass
  command-line options via the SETVARS_ARGS environment variable. For example:
  
  $ SETVARS_ARGS="ia32 --config=config.txt" ; export SETVARS_ARGS
  $ . path/to/setvars.sh
  
  The SETVARS_ARGS environment variable is cleared on exiting setvars.sh.
  
no change     /home/u6945379/miniconda3/condabin/conda
no change     /home/u6945379/miniconda3/bin/conda
no change     /home/u6945379/miniconda3/bin/conda-env
no change     /home/u6945379/miniconda3/bin/activate
no change     /home/u6945379/miniconda3/bin/deactivate
no change     /home/u6945379/miniconda3/etc/profile.d/conda.sh
no change     /home/u6945379/miniconda3/etc/fish/conf.d/conda.fish
no change     /home/u6945379/miniconda3/shell/condabin/Conda.psm1
no change     /home/u6945379/miniconda3/shell/condabin/conda-hook.ps1
no change     /home/u6945379/miniconda3/lib/python3.12/site-packages/xontrib/conda.xsh
no change     /home/u6945379/miniconda3/etc/profile.d/conda.csh
no change     /home/u6945379/.bashrc
No action taken.
Number of nodes: 16
N = 10
MPI is on with True nodes
N = 10
MPI is on with True nodes
N = 10
MPI is on with True nodes
N = 10
MPI is on with True nodes
N = 10
MPI is on with True nodes
N = 10
MPI is on with True nodes
N = 10
MPI is on with True nodes
N = 10
MPI is on with True nodes
N = 10
MPI is on with True nodes
N = 10
MPI is on with True nodes
N = 10
MPI is on with True nodes
N = 10
MPI is on with True nodes
N = 10
MPI is on with True nodes
N = 10
MPI is on with True nodes
N = 10
MPI is on with True nodes
N = 10
MPI is on with True nodes
generate matrix time spent: 0.13935399055480957 sec
==================================
generate matrix time spent: 0.13730072975158691 sec
==================================
A:
[[ 3.27077114e-04  4.47352229e-04  1.62463857e-03 ... -6.76429688e-04
  -9.32679238e-04  1.57668290e-03]
 [ 4.82660598e-04  1.34466885e-03 -4.50036345e-04 ...  1.52876659e-03
  -1.63211137e-03 -2.61416135e-04]
 [-3.34238771e-04 -7.50758488e-04  9.50501076e-06 ...  1.54074464e-03
   6.54198473e-04 -1.69133381e-03]
 ...
 [-9.74077995e-04 -9.73116282e-04 -2.93790222e-04 ... -1.47178018e-03
   1.36344667e-03 -5.48885302e-04]
 [ 1.17118559e-03 -6.78704624e-04  3.53106085e-04 ...  1.29621780e-03
  -6.86192241e-04 -7.98892753e-05]
 [ 7.67801925e-04  5.87723899e-04  9.85784971e-04 ... -1.62021402e-03
   9.14399137e-04 -1.50269069e-03]]
calculating condition number...
A:
[[ 3.27077114e-04  4.47352229e-04  1.62463857e-03 ... -6.76429688e-04
  -9.32679238e-04  1.57668290e-03]
 [ 4.82660598e-04  1.34466885e-03 -4.50036345e-04 ...  1.52876659e-03
  -1.63211137e-03 -2.61416135e-04]
 [-3.34238771e-04 -7.50758488e-04  9.50501076e-06 ...  1.54074464e-03
   6.54198473e-04 -1.69133381e-03]
 ...
 [-9.74077995e-04 -9.73116282e-04 -2.93790222e-04 ... -1.47178018e-03
   1.36344667e-03 -5.48885302e-04]
 [ 1.17118559e-03 -6.78704624e-04  3.53106085e-04 ...  1.29621780e-03
  -6.86192241e-04 -7.98892753e-05]
 [ 7.67801925e-04  5.87723899e-04  9.85784971e-04 ... -1.62021402e-03
   9.14399137e-04 -1.50269069e-03]]
calculating condition number...
generate matrix time spent: 0.13692355155944824 sec
==================================
generate matrix time spent: 0.14060449600219727 sec
==================================
A:
[[ 3.27077114e-04  4.47352229e-04  1.62463857e-03 ... -6.76429688e-04
  -9.32679238e-04  1.57668290e-03]
 [ 4.82660598e-04  1.34466885e-03 -4.50036345e-04 ...  1.52876659e-03
  -1.63211137e-03 -2.61416135e-04]
 [-3.34238771e-04 -7.50758488e-04  9.50501076e-06 ...  1.54074464e-03
   6.54198473e-04 -1.69133381e-03]
 ...
 [-9.74077995e-04 -9.73116282e-04 -2.93790222e-04 ... -1.47178018e-03
   1.36344667e-03 -5.48885302e-04]
 [ 1.17118559e-03 -6.78704624e-04  3.53106085e-04 ...  1.29621780e-03
  -6.86192241e-04 -7.98892753e-05]
 [ 7.67801925e-04  5.87723899e-04  9.85784971e-04 ... -1.62021402e-03
   9.14399137e-04 -1.50269069e-03]]
calculating condition number...
A:
[[ 3.27077114e-04  4.47352229e-04  1.62463857e-03 ... -6.76429688e-04
  -9.32679238e-04  1.57668290e-03]
 [ 4.82660598e-04  1.34466885e-03 -4.50036345e-04 ...  1.52876659e-03
  -1.63211137e-03 -2.61416135e-04]
 [-3.34238771e-04 -7.50758488e-04  9.50501076e-06 ...  1.54074464e-03
   6.54198473e-04 -1.69133381e-03]
 ...
 [-9.74077995e-04 -9.73116282e-04 -2.93790222e-04 ... -1.47178018e-03
   1.36344667e-03 -5.48885302e-04]
 [ 1.17118559e-03 -6.78704624e-04  3.53106085e-04 ...  1.29621780e-03
  -6.86192241e-04 -7.98892753e-05]
 [ 7.67801925e-04  5.87723899e-04  9.85784971e-04 ... -1.62021402e-03
   9.14399137e-04 -1.50269069e-03]]
calculating condition number...
generate matrix time spent: 0.13848662376403809 sec
==================================
A:
[[ 3.27077114e-04  4.47352229e-04  1.62463857e-03 ... -6.76429688e-04
  -9.32679238e-04  1.57668290e-03]
 [ 4.82660598e-04  1.34466885e-03 -4.50036345e-04 ...  1.52876659e-03
  -1.63211137e-03 -2.61416135e-04]
 [-3.34238771e-04 -7.50758488e-04  9.50501076e-06 ...  1.54074464e-03
   6.54198473e-04 -1.69133381e-03]
 ...
 [-9.74077995e-04 -9.73116282e-04 -2.93790222e-04 ... -1.47178018e-03
   1.36344667e-03 -5.48885302e-04]
 [ 1.17118559e-03 -6.78704624e-04  3.53106085e-04 ...  1.29621780e-03
  -6.86192241e-04 -7.98892753e-05]
 [ 7.67801925e-04  5.87723899e-04  9.85784971e-04 ... -1.62021402e-03
   9.14399137e-04 -1.50269069e-03]]
calculating condition number...
generate matrix time spent: 0.13836669921875 sec
==================================
A:
[[ 3.27077114e-04  4.47352229e-04  1.62463857e-03 ... -6.76429688e-04
  -9.32679238e-04  1.57668290e-03]
 [ 4.82660598e-04  1.34466885e-03 -4.50036345e-04 ...  1.52876659e-03
  -1.63211137e-03 -2.61416135e-04]
 [-3.34238771e-04 -7.50758488e-04  9.50501076e-06 ...  1.54074464e-03
   6.54198473e-04 -1.69133381e-03]
 ...
 [-9.74077995e-04 -9.73116282e-04 -2.93790222e-04 ... -1.47178018e-03
   1.36344667e-03 -5.48885302e-04]
 [ 1.17118559e-03 -6.78704624e-04  3.53106085e-04 ...  1.29621780e-03
  -6.86192241e-04 -7.98892753e-05]
 [ 7.67801925e-04  5.87723899e-04  9.85784971e-04 ... -1.62021402e-03
   9.14399137e-04 -1.50269069e-03]]
calculating condition number...
generate matrix time spent: 0.13901805877685547 sec
==================================
A:
[[ 3.27077114e-04  4.47352229e-04  1.62463857e-03 ... -6.76429688e-04
  -9.32679238e-04  1.57668290e-03]
 [ 4.82660598e-04  1.34466885e-03 -4.50036345e-04 ...  1.52876659e-03
  -1.63211137e-03 -2.61416135e-04]
 [-3.34238771e-04 -7.50758488e-04  9.50501076e-06 ...  1.54074464e-03
   6.54198473e-04 -1.69133381e-03]
 ...
 [-9.74077995e-04 -9.73116282e-04 -2.93790222e-04 ... -1.47178018e-03
   1.36344667e-03 -5.48885302e-04]
 [ 1.17118559e-03 -6.78704624e-04  3.53106085e-04 ...  1.29621780e-03
  -6.86192241e-04 -7.98892753e-05]
 [ 7.67801925e-04  5.87723899e-04  9.85784971e-04 ... -1.62021402e-03
   9.14399137e-04 -1.50269069e-03]]
calculating condition number...
generate matrix time spent: 0.13777399063110352 sec
==================================
A:
[[ 3.27077114e-04  4.47352229e-04  1.62463857e-03 ... -6.76429688e-04
  -9.32679238e-04  1.57668290e-03]
 [ 4.82660598e-04  1.34466885e-03 -4.50036345e-04 ...  1.52876659e-03
  -1.63211137e-03 -2.61416135e-04]
 [-3.34238771e-04 -7.50758488e-04  9.50501076e-06 ...  1.54074464e-03
   6.54198473e-04 -1.69133381e-03]
 ...
 [-9.74077995e-04 -9.73116282e-04 -2.93790222e-04 ... -1.47178018e-03
   1.36344667e-03 -5.48885302e-04]
 [ 1.17118559e-03 -6.78704624e-04  3.53106085e-04 ...  1.29621780e-03
  -6.86192241e-04 -7.98892753e-05]
 [ 7.67801925e-04  5.87723899e-04  9.85784971e-04 ... -1.62021402e-03
   9.14399137e-04 -1.50269069e-03]]
calculating condition number...
generate matrix time spent: 0.13843035697937012 sec
==================================
A:
[[ 3.27077114e-04  4.47352229e-04  1.62463857e-03 ... -6.76429688e-04
  -9.32679238e-04  1.57668290e-03]
 [ 4.82660598e-04  1.34466885e-03 -4.50036345e-04 ...  1.52876659e-03
  -1.63211137e-03 -2.61416135e-04]
 [-3.34238771e-04 -7.50758488e-04  9.50501076e-06 ...  1.54074464e-03
   6.54198473e-04 -1.69133381e-03]
 ...
 [-9.74077995e-04 -9.73116282e-04 -2.93790222e-04 ... -1.47178018e-03
   1.36344667e-03 -5.48885302e-04]
 [ 1.17118559e-03 -6.78704624e-04  3.53106085e-04 ...  1.29621780e-03
  -6.86192241e-04 -7.98892753e-05]
 [ 7.67801925e-04  5.87723899e-04  9.85784971e-04 ... -1.62021402e-03
   9.14399137e-04 -1.50269069e-03]]
calculating condition number...
generate matrix time spent: 0.1375131607055664 sec
==================================
A:
[[ 3.27077114e-04  4.47352229e-04  1.62463857e-03 ... -6.76429688e-04
  -9.32679238e-04  1.57668290e-03]
 [ 4.82660598e-04  1.34466885e-03 -4.50036345e-04 ...  1.52876659e-03
  -1.63211137e-03 -2.61416135e-04]
 [-3.34238771e-04 -7.50758488e-04  9.50501076e-06 ...  1.54074464e-03
   6.54198473e-04 -1.69133381e-03]
 ...
 [-9.74077995e-04 -9.73116282e-04 -2.93790222e-04 ... -1.47178018e-03
   1.36344667e-03 -5.48885302e-04]
 [ 1.17118559e-03 -6.78704624e-04  3.53106085e-04 ...  1.29621780e-03
  -6.86192241e-04 -7.98892753e-05]
 [ 7.67801925e-04  5.87723899e-04  9.85784971e-04 ... -1.62021402e-03
   9.14399137e-04 -1.50269069e-03]]
calculating condition number...
generate matrix time spent: 0.1372663974761963 sec
==================================
A:
[[ 3.27077114e-04  4.47352229e-04  1.62463857e-03 ... -6.76429688e-04
  -9.32679238e-04  1.57668290e-03]
 [ 4.82660598e-04  1.34466885e-03 -4.50036345e-04 ...  1.52876659e-03
  -1.63211137e-03 -2.61416135e-04]
 [-3.34238771e-04 -7.50758488e-04  9.50501076e-06 ...  1.54074464e-03
   6.54198473e-04 -1.69133381e-03]
 ...
 [-9.74077995e-04 -9.73116282e-04 -2.93790222e-04 ... -1.47178018e-03
   1.36344667e-03 -5.48885302e-04]
 [ 1.17118559e-03 -6.78704624e-04  3.53106085e-04 ...  1.29621780e-03
  -6.86192241e-04 -7.98892753e-05]
 [ 7.67801925e-04  5.87723899e-04  9.85784971e-04 ... -1.62021402e-03
   9.14399137e-04 -1.50269069e-03]]
calculating condition number...
generate matrix time spent: 0.13902544975280762 sec
==================================
A:
[[ 3.27077114e-04  4.47352229e-04  1.62463857e-03 ... -6.76429688e-04
  -9.32679238e-04  1.57668290e-03]
 [ 4.82660598e-04  1.34466885e-03 -4.50036345e-04 ...  1.52876659e-03
  -1.63211137e-03 -2.61416135e-04]
 [-3.34238771e-04 -7.50758488e-04  9.50501076e-06 ...  1.54074464e-03
   6.54198473e-04 -1.69133381e-03]
 ...
 [-9.74077995e-04 -9.73116282e-04 -2.93790222e-04 ... -1.47178018e-03
   1.36344667e-03 -5.48885302e-04]
 [ 1.17118559e-03 -6.78704624e-04  3.53106085e-04 ...  1.29621780e-03
  -6.86192241e-04 -7.98892753e-05]
 [ 7.67801925e-04  5.87723899e-04  9.85784971e-04 ... -1.62021402e-03
   9.14399137e-04 -1.50269069e-03]]
calculating condition number...
generate matrix time spent: 0.13950324058532715 sec
==================================
A:
[[ 3.27077114e-04  4.47352229e-04  1.62463857e-03 ... -6.76429688e-04
  -9.32679238e-04  1.57668290e-03]
 [ 4.82660598e-04  1.34466885e-03 -4.50036345e-04 ...  1.52876659e-03
  -1.63211137e-03 -2.61416135e-04]
 [-3.34238771e-04 -7.50758488e-04  9.50501076e-06 ...  1.54074464e-03
   6.54198473e-04 -1.69133381e-03]
 ...
 [-9.74077995e-04 -9.73116282e-04 -2.93790222e-04 ... -1.47178018e-03
   1.36344667e-03 -5.48885302e-04]
 [ 1.17118559e-03 -6.78704624e-04  3.53106085e-04 ...  1.29621780e-03
  -6.86192241e-04 -7.98892753e-05]
 [ 7.67801925e-04  5.87723899e-04  9.85784971e-04 ... -1.62021402e-03
   9.14399137e-04 -1.50269069e-03]]
calculating condition number...
generate matrix time spent: 0.1400892734527588 sec
==================================
A:
[[ 3.27077114e-04  4.47352229e-04  1.62463857e-03 ... -6.76429688e-04
  -9.32679238e-04  1.57668290e-03]
 [ 4.82660598e-04  1.34466885e-03 -4.50036345e-04 ...  1.52876659e-03
  -1.63211137e-03 -2.61416135e-04]
 [-3.34238771e-04 -7.50758488e-04  9.50501076e-06 ...  1.54074464e-03
   6.54198473e-04 -1.69133381e-03]
 ...
 [-9.74077995e-04 -9.73116282e-04 -2.93790222e-04 ... -1.47178018e-03
   1.36344667e-03 -5.48885302e-04]
 [ 1.17118559e-03 -6.78704624e-04  3.53106085e-04 ...  1.29621780e-03
  -6.86192241e-04 -7.98892753e-05]
 [ 7.67801925e-04  5.87723899e-04  9.85784971e-04 ... -1.62021402e-03
   9.14399137e-04 -1.50269069e-03]]
calculating condition number...
generate matrix time spent: 0.13866209983825684 sec
==================================
A:
[[ 3.27077114e-04  4.47352229e-04  1.62463857e-03 ... -6.76429688e-04
  -9.32679238e-04  1.57668290e-03]
 [ 4.82660598e-04  1.34466885e-03 -4.50036345e-04 ...  1.52876659e-03
  -1.63211137e-03 -2.61416135e-04]
 [-3.34238771e-04 -7.50758488e-04  9.50501076e-06 ...  1.54074464e-03
   6.54198473e-04 -1.69133381e-03]
 ...
 [-9.74077995e-04 -9.73116282e-04 -2.93790222e-04 ... -1.47178018e-03
   1.36344667e-03 -5.48885302e-04]
 [ 1.17118559e-03 -6.78704624e-04  3.53106085e-04 ...  1.29621780e-03
  -6.86192241e-04 -7.98892753e-05]
 [ 7.67801925e-04  5.87723899e-04  9.85784971e-04 ... -1.62021402e-03
   9.14399137e-04 -1.50269069e-03]]
calculating condition number...
generate matrix time spent: 0.13956427574157715 sec
==================================
A:
[[ 3.27077114e-04  4.47352229e-04  1.62463857e-03 ... -6.76429688e-04
  -9.32679238e-04  1.57668290e-03]
 [ 4.82660598e-04  1.34466885e-03 -4.50036345e-04 ...  1.52876659e-03
  -1.63211137e-03 -2.61416135e-04]
 [-3.34238771e-04 -7.50758488e-04  9.50501076e-06 ...  1.54074464e-03
   6.54198473e-04 -1.69133381e-03]
 ...
 [-9.74077995e-04 -9.73116282e-04 -2.93790222e-04 ... -1.47178018e-03
   1.36344667e-03 -5.48885302e-04]
 [ 1.17118559e-03 -6.78704624e-04  3.53106085e-04 ...  1.29621780e-03
  -6.86192241e-04 -7.98892753e-05]
 [ 7.67801925e-04  5.87723899e-04  9.85784971e-04 ... -1.62021402e-03
   9.14399137e-04 -1.50269069e-03]]
calculating condition number...
deg: 121
deg: 121
deg: 121
deg: 121
deg: 121
deg: 121
deg: 121
deg: 121
deg: 121
deg: 121
deg: 121
deg: 121
deg: 121
deg: 121
deg: 121
deg: 121
prepare circuit spends: 4.017272472381592 sec
circuit depth: 485
==================================
qc depth: 486
prepare circuit spends: 4.02245831489563 sec
prepare circuit spends: 4.014849901199341 sec
circuit depth: 485
==================================
circuit depth: 485
==================================
qc depth: 486
qc depth: 486
prepare circuit spends: 4.01409387588501 sec
circuit depth: 485
==================================
prepare circuit spends: 4.014875411987305 sec
circuit depth: 485
==================================
qc depth: 486
qc depth: 486
prepare circuit spends: 4.015976190567017 sec
circuit depth: 485
==================================
qc depth: 486
prepare circuit spends: 4.017045974731445 sec
circuit depth: 485
==================================
qc depth: 486
prepare circuit spends: 4.028785705566406 sec
circuit depth: 485
==================================
prepare circuit spends: 4.02105975151062 sec
qc depth: 486
circuit depth: 485
==================================
qc depth: 486
prepare circuit spends: 4.01384425163269 sec
circuit depth: 485
==================================
qc depth: 486
prepare circuit spends: 4.0241265296936035 sec
circuit depth: 485
==================================
qc depth: 486
prepare circuit spends: 4.0116589069366455 sec
circuit depth: 485
==================================
qc depth: 486
prepare circuit spends: 4.0157551765441895 sec
circuit depth: 485
==================================
qc depth: 486
prepare circuit spends: 4.0261969566345215 sec
circuit depth: 485
==================================
qc depth: 486
prepare circuit spends: 4.014234304428101 sec
circuit depth: 485
==================================
qc depth: 486
prepare circuit spends: 4.030256271362305 sec
circuit depth: 485
==================================
qc depth: 486
transpilation spends: 1.2050049304962158 sec
transpiled qc depth: 727
transpilation spends: 1.2150142192840576 sec
transpiled qc depth: 727
transpilation spends: 1.2904107570648193 sec
transpiled qc depth: 727
transpilation spends: 1.2437589168548584 sec
transpiled qc depth: 727
transpilation spends: 1.2855000495910645 sec
transpiled qc depth: 727
transpilation spends: 1.3805012702941895 sec
transpiled qc depth: 727
transpilation spends: 1.4096119403839111 sec
transpiled qc depth: 727
transpilation spends: 1.3958740234375 sec
transpiled qc depth: 727
transpilation spends: 1.3910560607910156 sec
transpiled qc depth: 727
transpilation spends: 1.552321434020996 sec
transpiled qc depth: 727
transpilation spends: 1.5563030242919922 sec
transpiled qc depth: 727
transpilation spends: 1.5117051601409912 sec
transpiled qc depth: 727
transpilation spends: 1.5938971042633057 sec
transpiled qc depth: 727
transpilation spends: 1.644690752029419 sec
transpiled qc depth: 727
transpilation spends: 1.687821865081787 sec
transpilation spends: 1.684880018234253 sec
transpiled qc depth: 727
transpiled qc depth: 727
-- loop wall time: 57 sec.


N = 11
MPI is on with True nodes
N = 11
MPI is on with True nodes
N = 11
MPI is on with True nodes
N = 11
MPI is on with True nodes
N = 11
MPI is on with True nodes
N = 11
MPI is on with True nodes
N = 11
MPI is on with True nodes
N = 11
MPI is on with True nodes
N = 11
MPI is on with True nodes
N = 11
MPI is on with True nodes
N = 11
MPI is on with True nodes
N = 11
MPI is on with True nodes
N = 11
MPI is on with True nodes
N = 11
MPI is on with True nodes
N = 11
MPI is on with True nodes
N = 11
MPI is on with True nodes
generate matrix time spent: 0.5401408672332764 sec
==================================
generate matrix time spent: 0.5396997928619385 sec
==================================
generate matrix time spent: 0.5411863327026367 sec
==================================
generate matrix time spent: 0.5431416034698486 sec
==================================
A:
[[ 1.63576561e-04 -2.23728093e-04  8.12508054e-04 ...  5.48265379e-04
  -7.90431184e-04 -1.74768295e-04]
 [ 1.67158221e-04  3.75466476e-04  4.75360978e-06 ...  3.58027707e-04
  -2.26215163e-05 -7.69222434e-04]
 [ 3.11098167e-04 -2.64452368e-04 -7.66525663e-04 ...  2.89703052e-04
   4.11490466e-05 -2.72602360e-04]
 ...
 [ 1.25474078e-05  1.96660240e-04 -1.74509591e-04 ... -3.29527848e-04
   2.03616941e-04 -7.50513456e-04]
 [ 6.90401353e-04 -6.50920263e-04  6.95726388e-04 ... -1.89376545e-05
   7.21816501e-06 -2.09153380e-04]
 [ 2.79616254e-04 -3.92088130e-04 -4.01477273e-04 ... -7.59308678e-04
  -7.36131222e-05  4.69208552e-04]]
calculating condition number...
A:
[[ 1.63576561e-04 -2.23728093e-04  8.12508054e-04 ...  5.48265379e-04
  -7.90431184e-04 -1.74768295e-04]
 [ 1.67158221e-04  3.75466476e-04  4.75360978e-06 ...  3.58027707e-04
  -2.26215163e-05 -7.69222434e-04]
 [ 3.11098167e-04 -2.64452368e-04 -7.66525663e-04 ...  2.89703052e-04
   4.11490466e-05 -2.72602360e-04]
 ...
 [ 1.25474078e-05  1.96660240e-04 -1.74509591e-04 ... -3.29527848e-04
   2.03616941e-04 -7.50513456e-04]
 [ 6.90401353e-04 -6.50920263e-04  6.95726388e-04 ... -1.89376545e-05
   7.21816501e-06 -2.09153380e-04]
 [ 2.79616254e-04 -3.92088130e-04 -4.01477273e-04 ... -7.59308678e-04
  -7.36131222e-05  4.69208552e-04]]
calculating condition number...
generate matrix time spent: 0.5447912216186523 sec
==================================
A:
[[ 1.63576561e-04 -2.23728093e-04  8.12508054e-04 ...  5.48265379e-04
  -7.90431184e-04 -1.74768295e-04]
 [ 1.67158221e-04  3.75466476e-04  4.75360978e-06 ...  3.58027707e-04
  -2.26215163e-05 -7.69222434e-04]
 [ 3.11098167e-04 -2.64452368e-04 -7.66525663e-04 ...  2.89703052e-04
   4.11490466e-05 -2.72602360e-04]
 ...
 [ 1.25474078e-05  1.96660240e-04 -1.74509591e-04 ... -3.29527848e-04
   2.03616941e-04 -7.50513456e-04]
 [ 6.90401353e-04 -6.50920263e-04  6.95726388e-04 ... -1.89376545e-05
   7.21816501e-06 -2.09153380e-04]
 [ 2.79616254e-04 -3.92088130e-04 -4.01477273e-04 ... -7.59308678e-04
  -7.36131222e-05  4.69208552e-04]]
calculating condition number...
generate matrix time spent: 0.5473430156707764 sec
==================================
A:
[[ 1.63576561e-04 -2.23728093e-04  8.12508054e-04 ...  5.48265379e-04
  -7.90431184e-04 -1.74768295e-04]
 [ 1.67158221e-04  3.75466476e-04  4.75360978e-06 ...  3.58027707e-04
  -2.26215163e-05 -7.69222434e-04]
 [ 3.11098167e-04 -2.64452368e-04 -7.66525663e-04 ...  2.89703052e-04
   4.11490466e-05 -2.72602360e-04]
 ...
 [ 1.25474078e-05  1.96660240e-04 -1.74509591e-04 ... -3.29527848e-04
   2.03616941e-04 -7.50513456e-04]
 [ 6.90401353e-04 -6.50920263e-04  6.95726388e-04 ... -1.89376545e-05
   7.21816501e-06 -2.09153380e-04]
 [ 2.79616254e-04 -3.92088130e-04 -4.01477273e-04 ... -7.59308678e-04
  -7.36131222e-05  4.69208552e-04]]
calculating condition number...
generate matrix time spent: 0.5485775470733643 sec
==================================
generate matrix time spent: 0.5488414764404297 sec
==================================
generate matrix time spent: 0.5497751235961914 sec
==================================
A:
[[ 1.63576561e-04 -2.23728093e-04  8.12508054e-04 ...  5.48265379e-04
  -7.90431184e-04 -1.74768295e-04]
 [ 1.67158221e-04  3.75466476e-04  4.75360978e-06 ...  3.58027707e-04
  -2.26215163e-05 -7.69222434e-04]
 [ 3.11098167e-04 -2.64452368e-04 -7.66525663e-04 ...  2.89703052e-04
   4.11490466e-05 -2.72602360e-04]
 ...
 [ 1.25474078e-05  1.96660240e-04 -1.74509591e-04 ... -3.29527848e-04
   2.03616941e-04 -7.50513456e-04]
 [ 6.90401353e-04 -6.50920263e-04  6.95726388e-04 ... -1.89376545e-05
   7.21816501e-06 -2.09153380e-04]
 [ 2.79616254e-04 -3.92088130e-04 -4.01477273e-04 ... -7.59308678e-04
  -7.36131222e-05  4.69208552e-04]]
calculating condition number...
generate matrix time spent: 0.5502252578735352 sec
==================================
generate matrix time spent: 0.5503396987915039 sec
==================================
generate matrix time spent: 0.5508651733398438 sec
==================================
generate matrix time spent: 0.5519139766693115 sec
==================================
A:
[[ 1.63576561e-04 -2.23728093e-04  8.12508054e-04 ...  5.48265379e-04
  -7.90431184e-04 -1.74768295e-04]
 [ 1.67158221e-04  3.75466476e-04  4.75360978e-06 ...  3.58027707e-04
  -2.26215163e-05 -7.69222434e-04]
 [ 3.11098167e-04 -2.64452368e-04 -7.66525663e-04 ...  2.89703052e-04
   4.11490466e-05 -2.72602360e-04]
 ...
 [ 1.25474078e-05  1.96660240e-04 -1.74509591e-04 ... -3.29527848e-04
   2.03616941e-04 -7.50513456e-04]
 [ 6.90401353e-04 -6.50920263e-04  6.95726388e-04 ... -1.89376545e-05
   7.21816501e-06 -2.09153380e-04]
 [ 2.79616254e-04 -3.92088130e-04 -4.01477273e-04 ... -7.59308678e-04
  -7.36131222e-05  4.69208552e-04]]
calculating condition number...
generate matrix time spent: 0.5528745651245117 sec
==================================
generate matrix time spent: 0.5538930892944336 sec
==================================
A:
[[ 1.63576561e-04 -2.23728093e-04  8.12508054e-04 ...  5.48265379e-04
  -7.90431184e-04 -1.74768295e-04]
 [ 1.67158221e-04  3.75466476e-04  4.75360978e-06 ...  3.58027707e-04
  -2.26215163e-05 -7.69222434e-04]
 [ 3.11098167e-04 -2.64452368e-04 -7.66525663e-04 ...  2.89703052e-04
   4.11490466e-05 -2.72602360e-04]
 ...
 [ 1.25474078e-05  1.96660240e-04 -1.74509591e-04 ... -3.29527848e-04
   2.03616941e-04 -7.50513456e-04]
 [ 6.90401353e-04 -6.50920263e-04  6.95726388e-04 ... -1.89376545e-05
   7.21816501e-06 -2.09153380e-04]
 [ 2.79616254e-04 -3.92088130e-04 -4.01477273e-04 ... -7.59308678e-04
  -7.36131222e-05  4.69208552e-04]]
calculating condition number...
A:
[[ 1.63576561e-04 -2.23728093e-04  8.12508054e-04 ...  5.48265379e-04
  -7.90431184e-04 -1.74768295e-04]
 [ 1.67158221e-04  3.75466476e-04  4.75360978e-06 ...  3.58027707e-04
  -2.26215163e-05 -7.69222434e-04]
 [ 3.11098167e-04 -2.64452368e-04 -7.66525663e-04 ...  2.89703052e-04
   4.11490466e-05 -2.72602360e-04]
 ...
 [ 1.25474078e-05  1.96660240e-04 -1.74509591e-04 ... -3.29527848e-04
   2.03616941e-04 -7.50513456e-04]
 [ 6.90401353e-04 -6.50920263e-04  6.95726388e-04 ... -1.89376545e-05
   7.21816501e-06 -2.09153380e-04]
 [ 2.79616254e-04 -3.92088130e-04 -4.01477273e-04 ... -7.59308678e-04
  -7.36131222e-05  4.69208552e-04]]
calculating condition number...
A:
[[ 1.63576561e-04 -2.23728093e-04  8.12508054e-04 ...  5.48265379e-04
  -7.90431184e-04 -1.74768295e-04]
 [ 1.67158221e-04  3.75466476e-04  4.75360978e-06 ...  3.58027707e-04
  -2.26215163e-05 -7.69222434e-04]
 [ 3.11098167e-04 -2.64452368e-04 -7.66525663e-04 ...  2.89703052e-04
   4.11490466e-05 -2.72602360e-04]
 ...
 [ 1.25474078e-05  1.96660240e-04 -1.74509591e-04 ... -3.29527848e-04
   2.03616941e-04 -7.50513456e-04]
 [ 6.90401353e-04 -6.50920263e-04  6.95726388e-04 ... -1.89376545e-05
   7.21816501e-06 -2.09153380e-04]
 [ 2.79616254e-04 -3.92088130e-04 -4.01477273e-04 ... -7.59308678e-04
  -7.36131222e-05  4.69208552e-04]]
calculating condition number...
A:
[[ 1.63576561e-04 -2.23728093e-04  8.12508054e-04 ...  5.48265379e-04
  -7.90431184e-04 -1.74768295e-04]
 [ 1.67158221e-04  3.75466476e-04  4.75360978e-06 ...  3.58027707e-04
  -2.26215163e-05 -7.69222434e-04]
 [ 3.11098167e-04 -2.64452368e-04 -7.66525663e-04 ...  2.89703052e-04
   4.11490466e-05 -2.72602360e-04]
 ...
 [ 1.25474078e-05  1.96660240e-04 -1.74509591e-04 ... -3.29527848e-04
   2.03616941e-04 -7.50513456e-04]
 [ 6.90401353e-04 -6.50920263e-04  6.95726388e-04 ... -1.89376545e-05
   7.21816501e-06 -2.09153380e-04]
 [ 2.79616254e-04 -3.92088130e-04 -4.01477273e-04 ... -7.59308678e-04
  -7.36131222e-05  4.69208552e-04]]
A:
[[ 1.63576561e-04 -2.23728093e-04  8.12508054e-04 ...  5.48265379e-04
  -7.90431184e-04 -1.74768295e-04]
 [ 1.67158221e-04  3.75466476e-04  4.75360978e-06 ...  3.58027707e-04
  -2.26215163e-05 -7.69222434e-04]
 [ 3.11098167e-04 -2.64452368e-04 -7.66525663e-04 ...  2.89703052e-04
   4.11490466e-05 -2.72602360e-04]
 ...
 [ 1.25474078e-05  1.96660240e-04 -1.74509591e-04 ... -3.29527848e-04
   2.03616941e-04 -7.50513456e-04]
 [ 6.90401353e-04 -6.50920263e-04  6.95726388e-04 ... -1.89376545e-05
   7.21816501e-06 -2.09153380e-04]
 [ 2.79616254e-04 -3.92088130e-04 -4.01477273e-04 ... -7.59308678e-04
  -7.36131222e-05  4.69208552e-04]]
calculating condition number...
calculating condition number...
A:
[[ 1.63576561e-04 -2.23728093e-04  8.12508054e-04 ...  5.48265379e-04
  -7.90431184e-04 -1.74768295e-04]
 [ 1.67158221e-04  3.75466476e-04  4.75360978e-06 ...  3.58027707e-04
  -2.26215163e-05 -7.69222434e-04]
 [ 3.11098167e-04 -2.64452368e-04 -7.66525663e-04 ...  2.89703052e-04
   4.11490466e-05 -2.72602360e-04]
 ...
 [ 1.25474078e-05  1.96660240e-04 -1.74509591e-04 ... -3.29527848e-04
   2.03616941e-04 -7.50513456e-04]
 [ 6.90401353e-04 -6.50920263e-04  6.95726388e-04 ... -1.89376545e-05
   7.21816501e-06 -2.09153380e-04]
 [ 2.79616254e-04 -3.92088130e-04 -4.01477273e-04 ... -7.59308678e-04
  -7.36131222e-05  4.69208552e-04]]
calculating condition number...
A:
[[ 1.63576561e-04 -2.23728093e-04  8.12508054e-04 ...  5.48265379e-04
  -7.90431184e-04 -1.74768295e-04]
 [ 1.67158221e-04  3.75466476e-04  4.75360978e-06 ...  3.58027707e-04
  -2.26215163e-05 -7.69222434e-04]
 [ 3.11098167e-04 -2.64452368e-04 -7.66525663e-04 ...  2.89703052e-04
   4.11490466e-05 -2.72602360e-04]
 ...
 [ 1.25474078e-05  1.96660240e-04 -1.74509591e-04 ... -3.29527848e-04
   2.03616941e-04 -7.50513456e-04]
 [ 6.90401353e-04 -6.50920263e-04  6.95726388e-04 ... -1.89376545e-05
   7.21816501e-06 -2.09153380e-04]
 [ 2.79616254e-04 -3.92088130e-04 -4.01477273e-04 ... -7.59308678e-04
  -7.36131222e-05  4.69208552e-04]]
calculating condition number...
A:
[[ 1.63576561e-04 -2.23728093e-04  8.12508054e-04 ...  5.48265379e-04
  -7.90431184e-04 -1.74768295e-04]
 [ 1.67158221e-04  3.75466476e-04  4.75360978e-06 ...  3.58027707e-04
  -2.26215163e-05 -7.69222434e-04]
 [ 3.11098167e-04 -2.64452368e-04 -7.66525663e-04 ...  2.89703052e-04
   4.11490466e-05 -2.72602360e-04]
 ...
 [ 1.25474078e-05  1.96660240e-04 -1.74509591e-04 ... -3.29527848e-04
   2.03616941e-04 -7.50513456e-04]
 [ 6.90401353e-04 -6.50920263e-04  6.95726388e-04 ... -1.89376545e-05
   7.21816501e-06 -2.09153380e-04]
 [ 2.79616254e-04 -3.92088130e-04 -4.01477273e-04 ... -7.59308678e-04
  -7.36131222e-05  4.69208552e-04]]
calculating condition number...
A:
[[ 1.63576561e-04 -2.23728093e-04  8.12508054e-04 ...  5.48265379e-04
  -7.90431184e-04 -1.74768295e-04]
 [ 1.67158221e-04  3.75466476e-04  4.75360978e-06 ...  3.58027707e-04
  -2.26215163e-05 -7.69222434e-04]
 [ 3.11098167e-04 -2.64452368e-04 -7.66525663e-04 ...  2.89703052e-04
   4.11490466e-05 -2.72602360e-04]
 ...
 [ 1.25474078e-05  1.96660240e-04 -1.74509591e-04 ... -3.29527848e-04
   2.03616941e-04 -7.50513456e-04]
 [ 6.90401353e-04 -6.50920263e-04  6.95726388e-04 ... -1.89376545e-05
   7.21816501e-06 -2.09153380e-04]
 [ 2.79616254e-04 -3.92088130e-04 -4.01477273e-04 ... -7.59308678e-04
  -7.36131222e-05  4.69208552e-04]]
calculating condition number...
generate matrix time spent: 0.559027910232544 sec
==================================
A:
[[ 1.63576561e-04 -2.23728093e-04  8.12508054e-04 ...  5.48265379e-04
  -7.90431184e-04 -1.74768295e-04]
 [ 1.67158221e-04  3.75466476e-04  4.75360978e-06 ...  3.58027707e-04
  -2.26215163e-05 -7.69222434e-04]
 [ 3.11098167e-04 -2.64452368e-04 -7.66525663e-04 ...  2.89703052e-04
   4.11490466e-05 -2.72602360e-04]
 ...
 [ 1.25474078e-05  1.96660240e-04 -1.74509591e-04 ... -3.29527848e-04
   2.03616941e-04 -7.50513456e-04]
 [ 6.90401353e-04 -6.50920263e-04  6.95726388e-04 ... -1.89376545e-05
   7.21816501e-06 -2.09153380e-04]
 [ 2.79616254e-04 -3.92088130e-04 -4.01477273e-04 ... -7.59308678e-04
  -7.36131222e-05  4.69208552e-04]]
calculating condition number...
deg: 121
deg: 121
deg: 121
deg: 121
deg: 121
deg: 121
deg: 121
deg: 121
deg: 121
deg: 121
deg: 121
deg: 121
deg: 121
deg: 121
deg: 121
deg: 121
prepare circuit spends: 28.6068332195282 sec
circuit depth: 485
==================================
qc depth: 486
prepare circuit spends: 28.592214584350586 sec
circuit depth: 485
==================================
qc depth: 486
prepare circuit spends: 28.615312099456787 sec
circuit depth: 485
==================================
qc depth: 486
prepare circuit spends: 28.61431384086609 sec
circuit depth: 485
==================================
qc depth: 486
prepare circuit spends: 28.582119703292847 sec
circuit depth: 485
==================================
qc depth: 486
prepare circuit spends: 28.61173367500305 sec
circuit depth: 485
==================================
qc depth: 486
prepare circuit spends: 28.61369800567627 sec
circuit depth: 485
==================================
qc depth: 486
prepare circuit spends: 28.62406063079834 sec
circuit depth: 485
==================================
qc depth: 486
prepare circuit spends: 28.661264419555664 sec
circuit depth: 485
==================================
qc depth: 486
prepare circuit spends: 28.64098882675171 sec
circuit depth: 485
==================================
qc depth: 486
prepare circuit spends: 28.663549423217773 sec
prepare circuit spends: 28.646212100982666 sec
circuit depth: 485
==================================
circuit depth: 485
==================================
prepare circuit spends: 28.64875364303589 sec
circuit depth: 485
==================================
qc depth: 486
qc depth: 486
qc depth: 486
prepare circuit spends: 28.669313430786133 sec
circuit depth: 485
==================================
prepare circuit spends: 28.655867099761963 sec
qc depth: 486
circuit depth: 485
==================================
qc depth: 486
prepare circuit spends: 28.69276261329651 sec
circuit depth: 485
==================================
qc depth: 486
transpilation spends: 0.12971019744873047 sec
transpiled qc depth: 727
transpilation spends: 0.1280374526977539 sec
transpiled qc depth: 727
transpilation spends: 0.12977313995361328 sec
transpiled qc depth: 727
transpilation spends: 0.12816643714904785 sec
transpiled qc depth: 727
transpilation spends: 0.1288590431213379 sec
transpiled qc depth: 727
transpilation spends: 0.12836790084838867 sec
transpiled qc depth: 727
transpilation spends: 0.12765240669250488 sec
transpiled qc depth: 727
transpilation spends: 0.12800383567810059 sec
transpiled qc depth: 727
transpilation spends: 0.12813973426818848 sec
transpiled qc depth: 727
transpilation spends: 0.12813949584960938 sec
transpiled qc depth: 727
transpilation spends: 0.27606868743896484 sec
transpiled qc depth: 727
transpilation spends: 0.27472949028015137 sec
transpiled qc depth: 727
transpilation spends: 0.275998592376709 sec
transpiled qc depth: 727
transpilation spends: 0.2750968933105469 sec
transpiled qc depth: 727
transpilation spends: 0.27588391304016113 sec
transpiled qc depth: 727
transpilation spends: 0.28627657890319824 sec
transpiled qc depth: 727
-- loop wall time: 120 sec.


N = 12
MPI is on with True nodes
N = 12
MPI is on with True nodes
N = 12
MPI is on with True nodes
N = 12
MPI is on with True nodes
N = 12
MPI is on with True nodes
N = 12
MPI is on with True nodes
N = 12
MPI is on with True nodes
N = 12
MPI is on with True nodes
N = 12
MPI is on with True nodes
N = 12
MPI is on with True nodes
N = 12
MPI is on with True nodes
N = 12
MPI is on with True nodes
N = 12
MPI is on with True nodes
N = 12
MPI is on with True nodes
N = 12
MPI is on with True nodes
N = 12
MPI is on with True nodes
generate matrix time spent: 2.1634020805358887 sec
==================================
generate matrix time spent: 2.16538405418396 sec
==================================
generate matrix time spent: 2.178429126739502 sec
==================================
generate matrix time spent: 2.1795196533203125 sec
==================================
generate matrix time spent: 2.181201219558716 sec
==================================
generate matrix time spent: 2.1812944412231445 sec
==================================
generate matrix time spent: 2.1822638511657715 sec
==================================
generate matrix time spent: 2.1824944019317627 sec
==================================
A:
[[ 8.17682458e-05  1.11836645e-04  4.06154512e-04 ...  1.09415447e-04
  -2.80653658e-04 -3.52283719e-04]
 [-1.55510981e-04 -1.32193794e-04 -3.83168949e-04 ... -7.71067576e-05
  -5.87220523e-05  4.14548310e-04]
 [-1.35733407e-04 -1.95307662e-04  1.07224617e-04 ... -3.05271601e-04
  -2.51113295e-04 -2.24979339e-04]
 ...
 [-3.03248702e-04  9.84035597e-05  2.46788585e-04 ...  3.38365150e-04
   1.33435965e-04 -1.10240462e-04]
 [-8.27117108e-05 -2.27411109e-05  3.41002360e-04 ... -3.90424332e-04
  -2.18777664e-04  4.16684448e-04]
 [-5.66457172e-06  2.02264681e-04 -3.39288632e-04 ...  4.15284058e-04
  -6.80592158e-05  2.68016844e-04]]
calculating condition number...
generate matrix time spent: 2.183852195739746 sec
==================================
generate matrix time spent: 2.1832363605499268 sec
==================================
generate matrix time spent: 2.18735408782959 sec
==================================
A:
[[ 8.17682458e-05  1.11836645e-04  4.06154512e-04 ...  1.09415447e-04
  -2.80653658e-04 -3.52283719e-04]
 [-1.55510981e-04 -1.32193794e-04 -3.83168949e-04 ... -7.71067576e-05
  -5.87220523e-05  4.14548310e-04]
 [-1.35733407e-04 -1.95307662e-04  1.07224617e-04 ... -3.05271601e-04
  -2.51113295e-04 -2.24979339e-04]
 ...
 [-3.03248702e-04  9.84035597e-05  2.46788585e-04 ...  3.38365150e-04
   1.33435965e-04 -1.10240462e-04]
 [-8.27117108e-05 -2.27411109e-05  3.41002360e-04 ... -3.90424332e-04
  -2.18777664e-04  4.16684448e-04]
 [-5.66457172e-06  2.02264681e-04 -3.39288632e-04 ...  4.15284058e-04
  -6.80592158e-05  2.68016844e-04]]
calculating condition number...
generate matrix time spent: 2.1880762577056885 sec
==================================
generate matrix time spent: 2.190316677093506 sec
==================================
generate matrix time spent: 2.190962314605713 sec
==================================
generate matrix time spent: 2.195424795150757 sec
==================================
A:
[[ 8.17682458e-05  1.11836645e-04  4.06154512e-04 ...  1.09415447e-04
  -2.80653658e-04 -3.52283719e-04]
 [-1.55510981e-04 -1.32193794e-04 -3.83168949e-04 ... -7.71067576e-05
  -5.87220523e-05  4.14548310e-04]
 [-1.35733407e-04 -1.95307662e-04  1.07224617e-04 ... -3.05271601e-04
  -2.51113295e-04 -2.24979339e-04]
 ...
 [-3.03248702e-04  9.84035597e-05  2.46788585e-04 ...  3.38365150e-04
   1.33435965e-04 -1.10240462e-04]
 [-8.27117108e-05 -2.27411109e-05  3.41002360e-04 ... -3.90424332e-04
  -2.18777664e-04  4.16684448e-04]
 [-5.66457172e-06  2.02264681e-04 -3.39288632e-04 ...  4.15284058e-04
  -6.80592158e-05  2.68016844e-04]]
calculating condition number...
A:
[[ 8.17682458e-05  1.11836645e-04  4.06154512e-04 ...  1.09415447e-04
  -2.80653658e-04 -3.52283719e-04]
 [-1.55510981e-04 -1.32193794e-04 -3.83168949e-04 ... -7.71067576e-05
  -5.87220523e-05  4.14548310e-04]
 [-1.35733407e-04 -1.95307662e-04  1.07224617e-04 ... -3.05271601e-04
  -2.51113295e-04 -2.24979339e-04]
 ...
 [-3.03248702e-04  9.84035597e-05  2.46788585e-04 ...  3.38365150e-04
   1.33435965e-04 -1.10240462e-04]
 [-8.27117108e-05 -2.27411109e-05  3.41002360e-04 ... -3.90424332e-04
  -2.18777664e-04  4.16684448e-04]
 [-5.66457172e-06  2.02264681e-04 -3.39288632e-04 ...  4.15284058e-04
  -6.80592158e-05  2.68016844e-04]]
calculating condition number...
A:
[[ 8.17682458e-05  1.11836645e-04  4.06154512e-04 ...  1.09415447e-04
  -2.80653658e-04 -3.52283719e-04]
 [-1.55510981e-04 -1.32193794e-04 -3.83168949e-04 ... -7.71067576e-05
  -5.87220523e-05  4.14548310e-04]
 [-1.35733407e-04 -1.95307662e-04  1.07224617e-04 ... -3.05271601e-04
  -2.51113295e-04 -2.24979339e-04]
 ...
 [-3.03248702e-04  9.84035597e-05  2.46788585e-04 ...  3.38365150e-04
   1.33435965e-04 -1.10240462e-04]
 [-8.27117108e-05 -2.27411109e-05  3.41002360e-04 ... -3.90424332e-04
  -2.18777664e-04  4.16684448e-04]
 [-5.66457172e-06  2.02264681e-04 -3.39288632e-04 ...  4.15284058e-04
  -6.80592158e-05  2.68016844e-04]]
calculating condition number...
A:
[[ 8.17682458e-05  1.11836645e-04  4.06154512e-04 ...  1.09415447e-04
  -2.80653658e-04 -3.52283719e-04]
 [-1.55510981e-04 -1.32193794e-04 -3.83168949e-04 ... -7.71067576e-05
  -5.87220523e-05  4.14548310e-04]
 [-1.35733407e-04 -1.95307662e-04  1.07224617e-04 ... -3.05271601e-04
  -2.51113295e-04 -2.24979339e-04]
 ...
 [-3.03248702e-04  9.84035597e-05  2.46788585e-04 ...  3.38365150e-04
   1.33435965e-04 -1.10240462e-04]
 [-8.27117108e-05 -2.27411109e-05  3.41002360e-04 ... -3.90424332e-04
  -2.18777664e-04  4.16684448e-04]
 [-5.66457172e-06  2.02264681e-04 -3.39288632e-04 ...  4.15284058e-04
  -6.80592158e-05  2.68016844e-04]]
calculating condition number...
A:
[[ 8.17682458e-05  1.11836645e-04  4.06154512e-04 ...  1.09415447e-04
  -2.80653658e-04 -3.52283719e-04]
 [-1.55510981e-04 -1.32193794e-04 -3.83168949e-04 ... -7.71067576e-05
  -5.87220523e-05  4.14548310e-04]
 [-1.35733407e-04 -1.95307662e-04  1.07224617e-04 ... -3.05271601e-04
  -2.51113295e-04 -2.24979339e-04]
 ...
 [-3.03248702e-04  9.84035597e-05  2.46788585e-04 ...  3.38365150e-04
   1.33435965e-04 -1.10240462e-04]
 [-8.27117108e-05 -2.27411109e-05  3.41002360e-04 ... -3.90424332e-04
  -2.18777664e-04  4.16684448e-04]
 [-5.66457172e-06  2.02264681e-04 -3.39288632e-04 ...  4.15284058e-04
  -6.80592158e-05  2.68016844e-04]]
calculating condition number...
A:
[[ 8.17682458e-05  1.11836645e-04  4.06154512e-04 ...  1.09415447e-04
  -2.80653658e-04 -3.52283719e-04]
 [-1.55510981e-04 -1.32193794e-04 -3.83168949e-04 ... -7.71067576e-05
  -5.87220523e-05  4.14548310e-04]
 [-1.35733407e-04 -1.95307662e-04  1.07224617e-04 ... -3.05271601e-04
  -2.51113295e-04 -2.24979339e-04]
 ...
 [-3.03248702e-04  9.84035597e-05  2.46788585e-04 ...  3.38365150e-04
   1.33435965e-04 -1.10240462e-04]
 [-8.27117108e-05 -2.27411109e-05  3.41002360e-04 ... -3.90424332e-04
  -2.18777664e-04  4.16684448e-04]
 [-5.66457172e-06  2.02264681e-04 -3.39288632e-04 ...  4.15284058e-04
  -6.80592158e-05  2.68016844e-04]]
calculating condition number...
A:
[[ 8.17682458e-05  1.11836645e-04  4.06154512e-04 ...  1.09415447e-04
  -2.80653658e-04 -3.52283719e-04]
 [-1.55510981e-04 -1.32193794e-04 -3.83168949e-04 ... -7.71067576e-05
  -5.87220523e-05  4.14548310e-04]
 [-1.35733407e-04 -1.95307662e-04  1.07224617e-04 ... -3.05271601e-04
  -2.51113295e-04 -2.24979339e-04]
 ...
 [-3.03248702e-04  9.84035597e-05  2.46788585e-04 ...  3.38365150e-04
   1.33435965e-04 -1.10240462e-04]
 [-8.27117108e-05 -2.27411109e-05  3.41002360e-04 ... -3.90424332e-04
  -2.18777664e-04  4.16684448e-04]
 [-5.66457172e-06  2.02264681e-04 -3.39288632e-04 ...  4.15284058e-04
  -6.80592158e-05  2.68016844e-04]]
calculating condition number...
A:
[[ 8.17682458e-05  1.11836645e-04  4.06154512e-04 ...  1.09415447e-04
  -2.80653658e-04 -3.52283719e-04]
 [-1.55510981e-04 -1.32193794e-04 -3.83168949e-04 ... -7.71067576e-05
  -5.87220523e-05  4.14548310e-04]
 [-1.35733407e-04 -1.95307662e-04  1.07224617e-04 ... -3.05271601e-04
  -2.51113295e-04 -2.24979339e-04]
 ...
 [-3.03248702e-04  9.84035597e-05  2.46788585e-04 ...  3.38365150e-04
   1.33435965e-04 -1.10240462e-04]
 [-8.27117108e-05 -2.27411109e-05  3.41002360e-04 ... -3.90424332e-04
  -2.18777664e-04  4.16684448e-04]
 [-5.66457172e-06  2.02264681e-04 -3.39288632e-04 ...  4.15284058e-04
  -6.80592158e-05  2.68016844e-04]]
calculating condition number...
A:
[[ 8.17682458e-05  1.11836645e-04  4.06154512e-04 ...  1.09415447e-04
  -2.80653658e-04 -3.52283719e-04]
 [-1.55510981e-04 -1.32193794e-04 -3.83168949e-04 ... -7.71067576e-05
  -5.87220523e-05  4.14548310e-04]
 [-1.35733407e-04 -1.95307662e-04  1.07224617e-04 ... -3.05271601e-04
  -2.51113295e-04 -2.24979339e-04]
 ...
 [-3.03248702e-04  9.84035597e-05  2.46788585e-04 ...  3.38365150e-04
   1.33435965e-04 -1.10240462e-04]
 [-8.27117108e-05 -2.27411109e-05  3.41002360e-04 ... -3.90424332e-04
  -2.18777664e-04  4.16684448e-04]
 [-5.66457172e-06  2.02264681e-04 -3.39288632e-04 ...  4.15284058e-04
  -6.80592158e-05  2.68016844e-04]]
calculating condition number...
A:
[[ 8.17682458e-05  1.11836645e-04  4.06154512e-04 ...  1.09415447e-04
  -2.80653658e-04 -3.52283719e-04]
 [-1.55510981e-04 -1.32193794e-04 -3.83168949e-04 ... -7.71067576e-05
  -5.87220523e-05  4.14548310e-04]
 [-1.35733407e-04 -1.95307662e-04  1.07224617e-04 ... -3.05271601e-04
  -2.51113295e-04 -2.24979339e-04]
 ...
 [-3.03248702e-04  9.84035597e-05  2.46788585e-04 ...  3.38365150e-04
   1.33435965e-04 -1.10240462e-04]
 [-8.27117108e-05 -2.27411109e-05  3.41002360e-04 ... -3.90424332e-04
  -2.18777664e-04  4.16684448e-04]
 [-5.66457172e-06  2.02264681e-04 -3.39288632e-04 ...  4.15284058e-04
  -6.80592158e-05  2.68016844e-04]]
calculating condition number...
A:
[[ 8.17682458e-05  1.11836645e-04  4.06154512e-04 ...  1.09415447e-04
  -2.80653658e-04 -3.52283719e-04]
 [-1.55510981e-04 -1.32193794e-04 -3.83168949e-04 ... -7.71067576e-05
  -5.87220523e-05  4.14548310e-04]
 [-1.35733407e-04 -1.95307662e-04  1.07224617e-04 ... -3.05271601e-04
  -2.51113295e-04 -2.24979339e-04]
 ...
 [-3.03248702e-04  9.84035597e-05  2.46788585e-04 ...  3.38365150e-04
   1.33435965e-04 -1.10240462e-04]
 [-8.27117108e-05 -2.27411109e-05  3.41002360e-04 ... -3.90424332e-04
  -2.18777664e-04  4.16684448e-04]
 [-5.66457172e-06  2.02264681e-04 -3.39288632e-04 ...  4.15284058e-04
  -6.80592158e-05  2.68016844e-04]]
calculating condition number...
A:
[[ 8.17682458e-05  1.11836645e-04  4.06154512e-04 ...  1.09415447e-04
  -2.80653658e-04 -3.52283719e-04]
 [-1.55510981e-04 -1.32193794e-04 -3.83168949e-04 ... -7.71067576e-05
  -5.87220523e-05  4.14548310e-04]
 [-1.35733407e-04 -1.95307662e-04  1.07224617e-04 ... -3.05271601e-04
  -2.51113295e-04 -2.24979339e-04]
 ...
 [-3.03248702e-04  9.84035597e-05  2.46788585e-04 ...  3.38365150e-04
   1.33435965e-04 -1.10240462e-04]
 [-8.27117108e-05 -2.27411109e-05  3.41002360e-04 ... -3.90424332e-04
  -2.18777664e-04  4.16684448e-04]
 [-5.66457172e-06  2.02264681e-04 -3.39288632e-04 ...  4.15284058e-04
  -6.80592158e-05  2.68016844e-04]]
calculating condition number...
A:
[[ 8.17682458e-05  1.11836645e-04  4.06154512e-04 ...  1.09415447e-04
  -2.80653658e-04 -3.52283719e-04]
 [-1.55510981e-04 -1.32193794e-04 -3.83168949e-04 ... -7.71067576e-05
  -5.87220523e-05  4.14548310e-04]
 [-1.35733407e-04 -1.95307662e-04  1.07224617e-04 ... -3.05271601e-04
  -2.51113295e-04 -2.24979339e-04]
 ...
 [-3.03248702e-04  9.84035597e-05  2.46788585e-04 ...  3.38365150e-04
   1.33435965e-04 -1.10240462e-04]
 [-8.27117108e-05 -2.27411109e-05  3.41002360e-04 ... -3.90424332e-04
  -2.18777664e-04  4.16684448e-04]
 [-5.66457172e-06  2.02264681e-04 -3.39288632e-04 ...  4.15284058e-04
  -6.80592158e-05  2.68016844e-04]]
calculating condition number...
generate matrix time spent: 2.6317503452301025 sec
==================================
A:
[[ 8.17682458e-05  1.11836645e-04  4.06154512e-04 ...  1.09415447e-04
  -2.80653658e-04 -3.52283719e-04]
 [-1.55510981e-04 -1.32193794e-04 -3.83168949e-04 ... -7.71067576e-05
  -5.87220523e-05  4.14548310e-04]
 [-1.35733407e-04 -1.95307662e-04  1.07224617e-04 ... -3.05271601e-04
  -2.51113295e-04 -2.24979339e-04]
 ...
 [-3.03248702e-04  9.84035597e-05  2.46788585e-04 ...  3.38365150e-04
   1.33435965e-04 -1.10240462e-04]
 [-8.27117108e-05 -2.27411109e-05  3.41002360e-04 ... -3.90424332e-04
  -2.18777664e-04  4.16684448e-04]
 [-5.66457172e-06  2.02264681e-04 -3.39288632e-04 ...  4.15284058e-04
  -6.80592158e-05  2.68016844e-04]]
calculating condition number...
deg: 121
deg: 121
deg: 121
deg: 121
deg: 121
deg: 121
deg: 121
deg: 121
deg: 121
deg: 121
deg: 121
deg: 121
deg: 121
deg: 121
deg: 121
deg: 121
prepare circuit spends: 242.45677137374878 sec
circuit depth: 485
==================================
qc depth: 486
prepare circuit spends: 242.42571187019348 sec
circuit depth: 485
==================================
qc depth: 486
prepare circuit spends: 242.38377928733826 sec
circuit depth: 485
==================================
qc depth: 486
prepare circuit spends: 242.0214672088623 sec
circuit depth: 485
==================================
qc depth: 486
prepare circuit spends: 242.53627276420593 sec
circuit depth: 485
==================================
qc depth: 486
transpilation spends: 0.13065457344055176 sec
transpiled qc depth: 727
transpilation spends: 0.12978601455688477 sec
transpiled qc depth: 727
transpilation spends: 0.13146162033081055 sec
transpiled qc depth: 727
transpilation spends: 0.27555060386657715 sec
transpiled qc depth: 727
transpilation spends: 0.12894749641418457 sec
transpiled qc depth: 727
prepare circuit spends: 242.64359283447266 sec
circuit depth: 485
==================================
qc depth: 486
prepare circuit spends: 242.66621804237366 sec
circuit depth: 485
==================================
qc depth: 486
prepare circuit spends: 242.5676109790802 sec
circuit depth: 485
==================================
qc depth: 486
transpilation spends: 0.1296844482421875 sec
transpiled qc depth: 727
transpilation spends: 0.12955641746520996 sec
transpiled qc depth: 727
transpilation spends: 0.13077974319458008 sec
transpiled qc depth: 727
prepare circuit spends: 242.84358716011047 sec
circuit depth: 485
==================================
qc depth: 486
prepare circuit spends: 242.95844674110413 sec
circuit depth: 485
==================================
qc depth: 486
prepare circuit spends: 243.07392001152039 sec
circuit depth: 485
==================================
qc depth: 486
transpilation spends: 0.27843260765075684 sec
transpiled qc depth: 727
transpilation spends: 0.28220081329345703 sec
transpiled qc depth: 727
transpilation spends: 0.13015484809875488 sec
transpiled qc depth: 727
prepare circuit spends: 243.09767937660217 sec
circuit depth: 485
==================================
qc depth: 486
prepare circuit spends: 243.35500359535217 sec
circuit depth: 485
==================================
qc depth: 486
prepare circuit spends: 243.27996444702148 sec
circuit depth: 485
==================================
qc depth: 486
prepare circuit spends: 243.381187915802 sec
circuit depth: 485
==================================
qc depth: 486
transpilation spends: 0.12974166870117188 sec
transpiled qc depth: 727
transpilation spends: 0.130662202835083 sec
transpiled qc depth: 727
transpilation spends: 0.12993645668029785 sec
transpiled qc depth: 727
transpilation spends: 0.13080549240112305 sec
transpiled qc depth: 727
prepare circuit spends: 243.58727836608887 sec
circuit depth: 485
==================================
qc depth: 486
transpilation spends: 0.13072824478149414 sec
transpiled qc depth: 727
-- loop wall time: 639 sec.


N = 13
MPI is on with True nodes
N = 13
MPI is on with True nodes
N = 13
MPI is on with True nodes
N = 13
MPI is on with True nodes
N = 13
MPI is on with True nodes
N = 13
MPI is on with True nodes
N = 13
MPI is on with True nodes
N = 13
MPI is on with True nodes
N = 13
MPI is on with True nodes
N = 13
MPI is on with True nodes
N = 13
MPI is on with True nodes
N = 13
MPI is on with True nodes
N = 13
MPI is on with True nodes
N = 13
MPI is on with True nodes
N = 13
MPI is on with True nodes
N = 13
MPI is on with True nodes
generate matrix time spent: 8.617529153823853 sec
==================================
generate matrix time spent: 8.662965536117554 sec
==================================
generate matrix time spent: 8.674987316131592 sec
==================================
generate matrix time spent: 8.679038524627686 sec
==================================
generate matrix time spent: 8.685470819473267 sec
==================================
A:
[[ 4.08763684e-05  5.59077164e-05 -2.03038739e-04 ... -5.91384431e-05
  -1.86534284e-04  1.80188673e-04]
 [ 6.78538315e-05  9.76353090e-05 -5.36021401e-05 ... -1.96095386e-04
   1.17516995e-04 -1.95138852e-04]
 [-4.95953556e-05 -1.04787804e-04  1.34641354e-05 ...  1.88368778e-04
  -1.60582063e-06 -9.12708004e-05]
 ...
 [ 1.37263181e-04  1.63600564e-05 -1.24543788e-04 ... -1.48450210e-04
  -2.11368445e-04 -1.99582901e-04]
 [-5.45233005e-05 -1.70896079e-04  9.51684825e-05 ... -1.05390789e-04
   5.36907580e-05  5.72243713e-05]
 [-7.51398869e-05 -2.04554809e-04 -1.78484761e-04 ... -8.00097651e-05
  -1.42831006e-04 -9.41163335e-05]]
calculating condition number...
generate matrix time spent: 8.701417446136475 sec
==================================
generate matrix time spent: 8.702411413192749 sec
==================================
generate matrix time spent: 8.711276292800903 sec
==================================
generate matrix time spent: 8.714568138122559 sec
==================================
generate matrix time spent: 8.716490983963013 sec
==================================
generate matrix time spent: 8.727132320404053 sec
==================================
generate matrix time spent: 8.728787660598755 sec
==================================
generate matrix time spent: 8.73881721496582 sec
==================================
generate matrix time spent: 8.738914251327515 sec
==================================
A:
[[ 4.08763684e-05  5.59077164e-05 -2.03038739e-04 ... -5.91384431e-05
  -1.86534284e-04  1.80188673e-04]
 [ 6.78538315e-05  9.76353090e-05 -5.36021401e-05 ... -1.96095386e-04
   1.17516995e-04 -1.95138852e-04]
 [-4.95953556e-05 -1.04787804e-04  1.34641354e-05 ...  1.88368778e-04
  -1.60582063e-06 -9.12708004e-05]
 ...
 [ 1.37263181e-04  1.63600564e-05 -1.24543788e-04 ... -1.48450210e-04
  -2.11368445e-04 -1.99582901e-04]
 [-5.45233005e-05 -1.70896079e-04  9.51684825e-05 ... -1.05390789e-04
   5.36907580e-05  5.72243713e-05]
 [-7.51398869e-05 -2.04554809e-04 -1.78484761e-04 ... -8.00097651e-05
  -1.42831006e-04 -9.41163335e-05]]
calculating condition number...
generate matrix time spent: 8.748657703399658 sec
==================================
A:
[[ 4.08763684e-05  5.59077164e-05 -2.03038739e-04 ... -5.91384431e-05
  -1.86534284e-04  1.80188673e-04]
 [ 6.78538315e-05  9.76353090e-05 -5.36021401e-05 ... -1.96095386e-04
   1.17516995e-04 -1.95138852e-04]
 [-4.95953556e-05 -1.04787804e-04  1.34641354e-05 ...  1.88368778e-04
  -1.60582063e-06 -9.12708004e-05]
 ...
 [ 1.37263181e-04  1.63600564e-05 -1.24543788e-04 ... -1.48450210e-04
  -2.11368445e-04 -1.99582901e-04]
 [-5.45233005e-05 -1.70896079e-04  9.51684825e-05 ... -1.05390789e-04
   5.36907580e-05  5.72243713e-05]
 [-7.51398869e-05 -2.04554809e-04 -1.78484761e-04 ... -8.00097651e-05
  -1.42831006e-04 -9.41163335e-05]]
calculating condition number...
A:
[[ 4.08763684e-05  5.59077164e-05 -2.03038739e-04 ... -5.91384431e-05
  -1.86534284e-04  1.80188673e-04]
 [ 6.78538315e-05  9.76353090e-05 -5.36021401e-05 ... -1.96095386e-04
   1.17516995e-04 -1.95138852e-04]
 [-4.95953556e-05 -1.04787804e-04  1.34641354e-05 ...  1.88368778e-04
  -1.60582063e-06 -9.12708004e-05]
 ...
 [ 1.37263181e-04  1.63600564e-05 -1.24543788e-04 ... -1.48450210e-04
  -2.11368445e-04 -1.99582901e-04]
 [-5.45233005e-05 -1.70896079e-04  9.51684825e-05 ... -1.05390789e-04
   5.36907580e-05  5.72243713e-05]
 [-7.51398869e-05 -2.04554809e-04 -1.78484761e-04 ... -8.00097651e-05
  -1.42831006e-04 -9.41163335e-05]]
calculating condition number...
A:
[[ 4.08763684e-05  5.59077164e-05 -2.03038739e-04 ... -5.91384431e-05
  -1.86534284e-04  1.80188673e-04]
 [ 6.78538315e-05  9.76353090e-05 -5.36021401e-05 ... -1.96095386e-04
   1.17516995e-04 -1.95138852e-04]
 [-4.95953556e-05 -1.04787804e-04  1.34641354e-05 ...  1.88368778e-04
  -1.60582063e-06 -9.12708004e-05]
 ...
 [ 1.37263181e-04  1.63600564e-05 -1.24543788e-04 ... -1.48450210e-04
  -2.11368445e-04 -1.99582901e-04]
 [-5.45233005e-05 -1.70896079e-04  9.51684825e-05 ... -1.05390789e-04
   5.36907580e-05  5.72243713e-05]
 [-7.51398869e-05 -2.04554809e-04 -1.78484761e-04 ... -8.00097651e-05
  -1.42831006e-04 -9.41163335e-05]]
calculating condition number...
generate matrix time spent: 8.773155450820923 sec
==================================
A:
[[ 4.08763684e-05  5.59077164e-05 -2.03038739e-04 ... -5.91384431e-05
  -1.86534284e-04  1.80188673e-04]
 [ 6.78538315e-05  9.76353090e-05 -5.36021401e-05 ... -1.96095386e-04
   1.17516995e-04 -1.95138852e-04]
 [-4.95953556e-05 -1.04787804e-04  1.34641354e-05 ...  1.88368778e-04
  -1.60582063e-06 -9.12708004e-05]
 ...
 [ 1.37263181e-04  1.63600564e-05 -1.24543788e-04 ... -1.48450210e-04
  -2.11368445e-04 -1.99582901e-04]
 [-5.45233005e-05 -1.70896079e-04  9.51684825e-05 ... -1.05390789e-04
   5.36907580e-05  5.72243713e-05]
 [-7.51398869e-05 -2.04554809e-04 -1.78484761e-04 ... -8.00097651e-05
  -1.42831006e-04 -9.41163335e-05]]
calculating condition number...
A:
[[ 4.08763684e-05  5.59077164e-05 -2.03038739e-04 ... -5.91384431e-05
  -1.86534284e-04  1.80188673e-04]
 [ 6.78538315e-05  9.76353090e-05 -5.36021401e-05 ... -1.96095386e-04
   1.17516995e-04 -1.95138852e-04]
 [-4.95953556e-05 -1.04787804e-04  1.34641354e-05 ...  1.88368778e-04
  -1.60582063e-06 -9.12708004e-05]
 ...
 [ 1.37263181e-04  1.63600564e-05 -1.24543788e-04 ... -1.48450210e-04
  -2.11368445e-04 -1.99582901e-04]
 [-5.45233005e-05 -1.70896079e-04  9.51684825e-05 ... -1.05390789e-04
   5.36907580e-05  5.72243713e-05]
 [-7.51398869e-05 -2.04554809e-04 -1.78484761e-04 ... -8.00097651e-05
  -1.42831006e-04 -9.41163335e-05]]
calculating condition number...
A:
[[ 4.08763684e-05  5.59077164e-05 -2.03038739e-04 ... -5.91384431e-05
  -1.86534284e-04  1.80188673e-04]
 [ 6.78538315e-05  9.76353090e-05 -5.36021401e-05 ... -1.96095386e-04
   1.17516995e-04 -1.95138852e-04]
 [-4.95953556e-05 -1.04787804e-04  1.34641354e-05 ...  1.88368778e-04
  -1.60582063e-06 -9.12708004e-05]
 ...
 [ 1.37263181e-04  1.63600564e-05 -1.24543788e-04 ... -1.48450210e-04
  -2.11368445e-04 -1.99582901e-04]
 [-5.45233005e-05 -1.70896079e-04  9.51684825e-05 ... -1.05390789e-04
   5.36907580e-05  5.72243713e-05]
 [-7.51398869e-05 -2.04554809e-04 -1.78484761e-04 ... -8.00097651e-05
  -1.42831006e-04 -9.41163335e-05]]
calculating condition number...
A:
[[ 4.08763684e-05  5.59077164e-05 -2.03038739e-04 ... -5.91384431e-05
  -1.86534284e-04  1.80188673e-04]
 [ 6.78538315e-05  9.76353090e-05 -5.36021401e-05 ... -1.96095386e-04
   1.17516995e-04 -1.95138852e-04]
 [-4.95953556e-05 -1.04787804e-04  1.34641354e-05 ...  1.88368778e-04
  -1.60582063e-06 -9.12708004e-05]
 ...
 [ 1.37263181e-04  1.63600564e-05 -1.24543788e-04 ... -1.48450210e-04
  -2.11368445e-04 -1.99582901e-04]
 [-5.45233005e-05 -1.70896079e-04  9.51684825e-05 ... -1.05390789e-04
   5.36907580e-05  5.72243713e-05]
 [-7.51398869e-05 -2.04554809e-04 -1.78484761e-04 ... -8.00097651e-05
  -1.42831006e-04 -9.41163335e-05]]
calculating condition number...
A:
[[ 4.08763684e-05  5.59077164e-05 -2.03038739e-04 ... -5.91384431e-05
  -1.86534284e-04  1.80188673e-04]
 [ 6.78538315e-05  9.76353090e-05 -5.36021401e-05 ... -1.96095386e-04
   1.17516995e-04 -1.95138852e-04]
 [-4.95953556e-05 -1.04787804e-04  1.34641354e-05 ...  1.88368778e-04
  -1.60582063e-06 -9.12708004e-05]
 ...
 [ 1.37263181e-04  1.63600564e-05 -1.24543788e-04 ... -1.48450210e-04
  -2.11368445e-04 -1.99582901e-04]
 [-5.45233005e-05 -1.70896079e-04  9.51684825e-05 ... -1.05390789e-04
   5.36907580e-05  5.72243713e-05]
 [-7.51398869e-05 -2.04554809e-04 -1.78484761e-04 ... -8.00097651e-05
  -1.42831006e-04 -9.41163335e-05]]
calculating condition number...
A:
[[ 4.08763684e-05  5.59077164e-05 -2.03038739e-04 ... -5.91384431e-05
  -1.86534284e-04  1.80188673e-04]
 [ 6.78538315e-05  9.76353090e-05 -5.36021401e-05 ... -1.96095386e-04
   1.17516995e-04 -1.95138852e-04]
 [-4.95953556e-05 -1.04787804e-04  1.34641354e-05 ...  1.88368778e-04
  -1.60582063e-06 -9.12708004e-05]
 ...
 [ 1.37263181e-04  1.63600564e-05 -1.24543788e-04 ... -1.48450210e-04
  -2.11368445e-04 -1.99582901e-04]
 [-5.45233005e-05 -1.70896079e-04  9.51684825e-05 ... -1.05390789e-04
   5.36907580e-05  5.72243713e-05]
 [-7.51398869e-05 -2.04554809e-04 -1.78484761e-04 ... -8.00097651e-05
  -1.42831006e-04 -9.41163335e-05]]
calculating condition number...
A:
[[ 4.08763684e-05  5.59077164e-05 -2.03038739e-04 ... -5.91384431e-05
  -1.86534284e-04  1.80188673e-04]
 [ 6.78538315e-05  9.76353090e-05 -5.36021401e-05 ... -1.96095386e-04
   1.17516995e-04 -1.95138852e-04]
 [-4.95953556e-05 -1.04787804e-04  1.34641354e-05 ...  1.88368778e-04
  -1.60582063e-06 -9.12708004e-05]
 ...
 [ 1.37263181e-04  1.63600564e-05 -1.24543788e-04 ... -1.48450210e-04
  -2.11368445e-04 -1.99582901e-04]
 [-5.45233005e-05 -1.70896079e-04  9.51684825e-05 ... -1.05390789e-04
   5.36907580e-05  5.72243713e-05]
 [-7.51398869e-05 -2.04554809e-04 -1.78484761e-04 ... -8.00097651e-05
  -1.42831006e-04 -9.41163335e-05]]
calculating condition number...
A:
[[ 4.08763684e-05  5.59077164e-05 -2.03038739e-04 ... -5.91384431e-05
  -1.86534284e-04  1.80188673e-04]
 [ 6.78538315e-05  9.76353090e-05 -5.36021401e-05 ... -1.96095386e-04
   1.17516995e-04 -1.95138852e-04]
 [-4.95953556e-05 -1.04787804e-04  1.34641354e-05 ...  1.88368778e-04
  -1.60582063e-06 -9.12708004e-05]
 ...
 [ 1.37263181e-04  1.63600564e-05 -1.24543788e-04 ... -1.48450210e-04
  -2.11368445e-04 -1.99582901e-04]
 [-5.45233005e-05 -1.70896079e-04  9.51684825e-05 ... -1.05390789e-04
   5.36907580e-05  5.72243713e-05]
 [-7.51398869e-05 -2.04554809e-04 -1.78484761e-04 ... -8.00097651e-05
  -1.42831006e-04 -9.41163335e-05]]
calculating condition number...
A:
[[ 4.08763684e-05  5.59077164e-05 -2.03038739e-04 ... -5.91384431e-05
  -1.86534284e-04  1.80188673e-04]
 [ 6.78538315e-05  9.76353090e-05 -5.36021401e-05 ... -1.96095386e-04
   1.17516995e-04 -1.95138852e-04]
 [-4.95953556e-05 -1.04787804e-04  1.34641354e-05 ...  1.88368778e-04
  -1.60582063e-06 -9.12708004e-05]
 ...
 [ 1.37263181e-04  1.63600564e-05 -1.24543788e-04 ... -1.48450210e-04
  -2.11368445e-04 -1.99582901e-04]
 [-5.45233005e-05 -1.70896079e-04  9.51684825e-05 ... -1.05390789e-04
   5.36907580e-05  5.72243713e-05]
 [-7.51398869e-05 -2.04554809e-04 -1.78484761e-04 ... -8.00097651e-05
  -1.42831006e-04 -9.41163335e-05]]
calculating condition number...
A:
[[ 4.08763684e-05  5.59077164e-05 -2.03038739e-04 ... -5.91384431e-05
  -1.86534284e-04  1.80188673e-04]
 [ 6.78538315e-05  9.76353090e-05 -5.36021401e-05 ... -1.96095386e-04
   1.17516995e-04 -1.95138852e-04]
 [-4.95953556e-05 -1.04787804e-04  1.34641354e-05 ...  1.88368778e-04
  -1.60582063e-06 -9.12708004e-05]
 ...
 [ 1.37263181e-04  1.63600564e-05 -1.24543788e-04 ... -1.48450210e-04
  -2.11368445e-04 -1.99582901e-04]
 [-5.45233005e-05 -1.70896079e-04  9.51684825e-05 ... -1.05390789e-04
   5.36907580e-05  5.72243713e-05]
 [-7.51398869e-05 -2.04554809e-04 -1.78484761e-04 ... -8.00097651e-05
  -1.42831006e-04 -9.41163335e-05]]
calculating condition number...
A:
[[ 4.08763684e-05  5.59077164e-05 -2.03038739e-04 ... -5.91384431e-05
  -1.86534284e-04  1.80188673e-04]
 [ 6.78538315e-05  9.76353090e-05 -5.36021401e-05 ... -1.96095386e-04
   1.17516995e-04 -1.95138852e-04]
 [-4.95953556e-05 -1.04787804e-04  1.34641354e-05 ...  1.88368778e-04
  -1.60582063e-06 -9.12708004e-05]
 ...
 [ 1.37263181e-04  1.63600564e-05 -1.24543788e-04 ... -1.48450210e-04
  -2.11368445e-04 -1.99582901e-04]
 [-5.45233005e-05 -1.70896079e-04  9.51684825e-05 ... -1.05390789e-04
   5.36907580e-05  5.72243713e-05]
 [-7.51398869e-05 -2.04554809e-04 -1.78484761e-04 ... -8.00097651e-05
  -1.42831006e-04 -9.41163335e-05]]
calculating condition number...
deg: 121
deg: 121
deg: 121
deg: 121
deg: 121
deg: 121
deg: 121
deg: 121
deg: 121
deg: 121
deg: 121
deg: 121
deg: 121
deg: 121
deg: 121
deg: 121
prepare circuit spends: 1981.3851437568665 sec
circuit depth: 485
==================================
qc depth: 486
transpilation spends: 0.13160991668701172 sec
transpiled qc depth: 727
prepare circuit spends: 1982.3458664417267 sec
circuit depth: 485
==================================
qc depth: 486
transpilation spends: 0.13199639320373535 sec
transpiled qc depth: 727
prepare circuit spends: 1984.9710431098938 sec
circuit depth: 485
==================================
qc depth: 486
prepare circuit spends: 1983.6405215263367 sec
circuit depth: 485
==================================
transpilation spends: 0.1319727897644043 sec
qc depth: 486
transpiled qc depth: 727
transpilation spends: 0.13159847259521484 sec
transpiled qc depth: 727
prepare circuit spends: 1985.0292088985443 sec
circuit depth: 485
==================================
qc depth: 486
prepare circuit spends: 1985.9863216876984 sec
circuit depth: 485
==================================
qc depth: 486
transpilation spends: 0.1323251724243164 sec
transpiled qc depth: 727
transpilation spends: 0.13235807418823242 sec
transpiled qc depth: 727
prepare circuit spends: 1985.3220100402832 sec
circuit depth: 485
==================================
qc depth: 486
transpilation spends: 0.13164877891540527 sec
transpiled qc depth: 727
prepare circuit spends: 1986.9485096931458 sec
circuit depth: 485
==================================
qc depth: 486
transpilation spends: 0.13232874870300293 sec
transpiled qc depth: 727
prepare circuit spends: 1984.961508512497 sec
circuit depth: 485
==================================
qc depth: 486
transpilation spends: 0.13016319274902344 sec
transpiled qc depth: 727
prepare circuit spends: 1987.1037163734436 sec
circuit depth: 485
==================================
qc depth: 486
transpilation spends: 0.13230562210083008 sec
transpiled qc depth: 727
prepare circuit spends: 1987.5474081039429 sec
circuit depth: 485
==================================
qc depth: 486
prepare circuit spends: 1986.3402762413025 sec
circuit depth: 485
==================================
qc depth: 486
transpilation spends: 0.13121747970581055 sec
transpiled qc depth: 727
transpilation spends: 0.280231237411499 sec
transpiled qc depth: 727
prepare circuit spends: 1988.1607029438019 sec
circuit depth: 485
==================================
qc depth: 486
prepare circuit spends: 1988.1164932250977 sec
circuit depth: 485
==================================
qc depth: 486
transpilation spends: 0.1323554515838623 sec
transpiled qc depth: 727
transpilation spends: 0.13167142868041992 sec
transpiled qc depth: 727
prepare circuit spends: 1986.7398397922516 sec
circuit depth: 485
==================================
qc depth: 486
prepare circuit spends: 1988.5693929195404 sec
circuit depth: 485
==================================
qc depth: 486
transpilation spends: 0.13207602500915527 sec
transpiled qc depth: 727
transpilation spends: 0.1325385570526123 sec
transpiled qc depth: 727
-- loop wall time: 3269 sec.


N = 14
MPI is on with True nodes
N = 14
MPI is on with True nodes
N = 14
MPI is on with True nodes
N = 14
MPI is on with True nodes
N = 14
MPI is on with True nodes
N = 14
MPI is on with True nodes
N = 14
MPI is on with True nodes
N = 14
MPI is on with True nodes
N = 14
MPI is on with True nodes
N = 14
MPI is on with True nodes
N = 14
MPI is on with True nodes
N = 14
MPI is on with True nodes
N = 14
MPI is on with True nodes
N = 14
MPI is on with True nodes
N = 14
MPI is on with True nodes
N = 14
MPI is on with True nodes
generate matrix time spent: 34.31336712837219 sec
==================================
generate matrix time spent: 34.484368085861206 sec
==================================
generate matrix time spent: 34.54127240180969 sec
==================================
A:
[[ 2.04390206e-05  2.79550021e-05  1.01523524e-04 ... -9.03328822e-05
   6.53348347e-05 -5.24482545e-05]
 [ 2.47986926e-05 -5.23960461e-05  6.73234318e-06 ...  4.64752436e-05
  -6.75546740e-05  1.04737293e-04]
 [-6.72196804e-05 -1.05565251e-04  4.14558468e-05 ... -1.02484876e-04
  -8.51411307e-05  1.15306242e-05]
 ...
 [-6.92143648e-05  3.65500465e-05  5.47935418e-05 ...  9.59735676e-05
  -5.33049985e-05 -7.38064398e-05]
 [ 7.22151113e-05  3.90610668e-05  1.73434606e-05 ...  2.46263884e-05
  -1.53949671e-05  1.72918767e-05]
 [-9.57358530e-05 -7.98992194e-05  6.52797471e-05 ... -1.02759047e-04
   6.68050012e-05 -3.30562171e-05]]
calculating condition number...
generate matrix time spent: 34.65592885017395 sec
==================================
generate matrix time spent: 34.67906141281128 sec
==================================
generate matrix time spent: 34.71829390525818 sec
==================================
generate matrix time spent: 34.7767379283905 sec
==================================
generate matrix time spent: 34.772329568862915 sec
==================================
A:
[[ 2.04390206e-05  2.79550021e-05  1.01523524e-04 ... -9.03328822e-05
   6.53348347e-05 -5.24482545e-05]
 [ 2.47986926e-05 -5.23960461e-05  6.73234318e-06 ...  4.64752436e-05
  -6.75546740e-05  1.04737293e-04]
 [-6.72196804e-05 -1.05565251e-04  4.14558468e-05 ... -1.02484876e-04
  -8.51411307e-05  1.15306242e-05]
 ...
 [-6.92143648e-05  3.65500465e-05  5.47935418e-05 ...  9.59735676e-05
  -5.33049985e-05 -7.38064398e-05]
 [ 7.22151113e-05  3.90610668e-05  1.73434606e-05 ...  2.46263884e-05
  -1.53949671e-05  1.72918767e-05]
 [-9.57358530e-05 -7.98992194e-05  6.52797471e-05 ... -1.02759047e-04
   6.68050012e-05 -3.30562171e-05]]
calculating condition number...
A:
[[ 2.04390206e-05  2.79550021e-05  1.01523524e-04 ... -9.03328822e-05
   6.53348347e-05 -5.24482545e-05]
 [ 2.47986926e-05 -5.23960461e-05  6.73234318e-06 ...  4.64752436e-05
  -6.75546740e-05  1.04737293e-04]
 [-6.72196804e-05 -1.05565251e-04  4.14558468e-05 ... -1.02484876e-04
  -8.51411307e-05  1.15306242e-05]
 ...
 [-6.92143648e-05  3.65500465e-05  5.47935418e-05 ...  9.59735676e-05
  -5.33049985e-05 -7.38064398e-05]
 [ 7.22151113e-05  3.90610668e-05  1.73434606e-05 ...  2.46263884e-05
  -1.53949671e-05  1.72918767e-05]
 [-9.57358530e-05 -7.98992194e-05  6.52797471e-05 ... -1.02759047e-04
   6.68050012e-05 -3.30562171e-05]]
calculating condition number...
generate matrix time spent: 34.7940673828125 sec
==================================
generate matrix time spent: 34.8860068321228 sec
==================================
generate matrix time spent: 34.856194734573364 sec
==================================
generate matrix time spent: 34.87725901603699 sec
==================================
generate matrix time spent: 34.89000201225281 sec
==================================
generate matrix time spent: 34.93982124328613 sec
==================================
generate matrix time spent: 34.948668003082275 sec
==================================
A:
[[ 2.04390206e-05  2.79550021e-05  1.01523524e-04 ... -9.03328822e-05
   6.53348347e-05 -5.24482545e-05]
 [ 2.47986926e-05 -5.23960461e-05  6.73234318e-06 ...  4.64752436e-05
  -6.75546740e-05  1.04737293e-04]
 [-6.72196804e-05 -1.05565251e-04  4.14558468e-05 ... -1.02484876e-04
  -8.51411307e-05  1.15306242e-05]
 ...
 [-6.92143648e-05  3.65500465e-05  5.47935418e-05 ...  9.59735676e-05
  -5.33049985e-05 -7.38064398e-05]
 [ 7.22151113e-05  3.90610668e-05  1.73434606e-05 ...  2.46263884e-05
  -1.53949671e-05  1.72918767e-05]
 [-9.57358530e-05 -7.98992194e-05  6.52797471e-05 ... -1.02759047e-04
   6.68050012e-05 -3.30562171e-05]]
calculating condition number...
A:
[[ 2.04390206e-05  2.79550021e-05  1.01523524e-04 ... -9.03328822e-05
   6.53348347e-05 -5.24482545e-05]
 [ 2.47986926e-05 -5.23960461e-05  6.73234318e-06 ...  4.64752436e-05
  -6.75546740e-05  1.04737293e-04]
 [-6.72196804e-05 -1.05565251e-04  4.14558468e-05 ... -1.02484876e-04
  -8.51411307e-05  1.15306242e-05]
 ...
 [-6.92143648e-05  3.65500465e-05  5.47935418e-05 ...  9.59735676e-05
  -5.33049985e-05 -7.38064398e-05]
 [ 7.22151113e-05  3.90610668e-05  1.73434606e-05 ...  2.46263884e-05
  -1.53949671e-05  1.72918767e-05]
 [-9.57358530e-05 -7.98992194e-05  6.52797471e-05 ... -1.02759047e-04
   6.68050012e-05 -3.30562171e-05]]
calculating condition number...
generate matrix time spent: 34.98957800865173 sec
==================================
A:
[[ 2.04390206e-05  2.79550021e-05  1.01523524e-04 ... -9.03328822e-05
   6.53348347e-05 -5.24482545e-05]
 [ 2.47986926e-05 -5.23960461e-05  6.73234318e-06 ...  4.64752436e-05
  -6.75546740e-05  1.04737293e-04]
 [-6.72196804e-05 -1.05565251e-04  4.14558468e-05 ... -1.02484876e-04
  -8.51411307e-05  1.15306242e-05]
 ...
 [-6.92143648e-05  3.65500465e-05  5.47935418e-05 ...  9.59735676e-05
  -5.33049985e-05 -7.38064398e-05]
 [ 7.22151113e-05  3.90610668e-05  1.73434606e-05 ...  2.46263884e-05
  -1.53949671e-05  1.72918767e-05]
 [-9.57358530e-05 -7.98992194e-05  6.52797471e-05 ... -1.02759047e-04
   6.68050012e-05 -3.30562171e-05]]
calculating condition number...
A:
[[ 2.04390206e-05  2.79550021e-05  1.01523524e-04 ... -9.03328822e-05
   6.53348347e-05 -5.24482545e-05]
 [ 2.47986926e-05 -5.23960461e-05  6.73234318e-06 ...  4.64752436e-05
  -6.75546740e-05  1.04737293e-04]
 [-6.72196804e-05 -1.05565251e-04  4.14558468e-05 ... -1.02484876e-04
  -8.51411307e-05  1.15306242e-05]
 ...
 [-6.92143648e-05  3.65500465e-05  5.47935418e-05 ...  9.59735676e-05
  -5.33049985e-05 -7.38064398e-05]
 [ 7.22151113e-05  3.90610668e-05  1.73434606e-05 ...  2.46263884e-05
  -1.53949671e-05  1.72918767e-05]
 [-9.57358530e-05 -7.98992194e-05  6.52797471e-05 ... -1.02759047e-04
   6.68050012e-05 -3.30562171e-05]]
calculating condition number...
A:
[[ 2.04390206e-05  2.79550021e-05  1.01523524e-04 ... -9.03328822e-05
   6.53348347e-05 -5.24482545e-05]
 [ 2.47986926e-05 -5.23960461e-05  6.73234318e-06 ...  4.64752436e-05
  -6.75546740e-05  1.04737293e-04]
 [-6.72196804e-05 -1.05565251e-04  4.14558468e-05 ... -1.02484876e-04
  -8.51411307e-05  1.15306242e-05]
 ...
 [-6.92143648e-05  3.65500465e-05  5.47935418e-05 ...  9.59735676e-05
  -5.33049985e-05 -7.38064398e-05]
 [ 7.22151113e-05  3.90610668e-05  1.73434606e-05 ...  2.46263884e-05
  -1.53949671e-05  1.72918767e-05]
 [-9.57358530e-05 -7.98992194e-05  6.52797471e-05 ... -1.02759047e-04
   6.68050012e-05 -3.30562171e-05]]
calculating condition number...
A:
[[ 2.04390206e-05  2.79550021e-05  1.01523524e-04 ... -9.03328822e-05
   6.53348347e-05 -5.24482545e-05]
 [ 2.47986926e-05 -5.23960461e-05  6.73234318e-06 ...  4.64752436e-05
  -6.75546740e-05  1.04737293e-04]
 [-6.72196804e-05 -1.05565251e-04  4.14558468e-05 ... -1.02484876e-04
  -8.51411307e-05  1.15306242e-05]
 ...
 [-6.92143648e-05  3.65500465e-05  5.47935418e-05 ...  9.59735676e-05
  -5.33049985e-05 -7.38064398e-05]
 [ 7.22151113e-05  3.90610668e-05  1.73434606e-05 ...  2.46263884e-05
  -1.53949671e-05  1.72918767e-05]
 [-9.57358530e-05 -7.98992194e-05  6.52797471e-05 ... -1.02759047e-04
   6.68050012e-05 -3.30562171e-05]]
calculating condition number...
A:
[[ 2.04390206e-05  2.79550021e-05  1.01523524e-04 ... -9.03328822e-05
   6.53348347e-05 -5.24482545e-05]
 [ 2.47986926e-05 -5.23960461e-05  6.73234318e-06 ...  4.64752436e-05
  -6.75546740e-05  1.04737293e-04]
 [-6.72196804e-05 -1.05565251e-04  4.14558468e-05 ... -1.02484876e-04
  -8.51411307e-05  1.15306242e-05]
 ...
 [-6.92143648e-05  3.65500465e-05  5.47935418e-05 ...  9.59735676e-05
  -5.33049985e-05 -7.38064398e-05]
 [ 7.22151113e-05  3.90610668e-05  1.73434606e-05 ...  2.46263884e-05
  -1.53949671e-05  1.72918767e-05]
 [-9.57358530e-05 -7.98992194e-05  6.52797471e-05 ... -1.02759047e-04
   6.68050012e-05 -3.30562171e-05]]
calculating condition number...
A:
[[ 2.04390206e-05  2.79550021e-05  1.01523524e-04 ... -9.03328822e-05
   6.53348347e-05 -5.24482545e-05]
 [ 2.47986926e-05 -5.23960461e-05  6.73234318e-06 ...  4.64752436e-05
  -6.75546740e-05  1.04737293e-04]
 [-6.72196804e-05 -1.05565251e-04  4.14558468e-05 ... -1.02484876e-04
  -8.51411307e-05  1.15306242e-05]
 ...
 [-6.92143648e-05  3.65500465e-05  5.47935418e-05 ...  9.59735676e-05
  -5.33049985e-05 -7.38064398e-05]
 [ 7.22151113e-05  3.90610668e-05  1.73434606e-05 ...  2.46263884e-05
  -1.53949671e-05  1.72918767e-05]
 [-9.57358530e-05 -7.98992194e-05  6.52797471e-05 ... -1.02759047e-04
   6.68050012e-05 -3.30562171e-05]]
calculating condition number...
A:
[[ 2.04390206e-05  2.79550021e-05  1.01523524e-04 ... -9.03328822e-05
   6.53348347e-05 -5.24482545e-05]
 [ 2.47986926e-05 -5.23960461e-05  6.73234318e-06 ...  4.64752436e-05
  -6.75546740e-05  1.04737293e-04]
 [-6.72196804e-05 -1.05565251e-04  4.14558468e-05 ... -1.02484876e-04
  -8.51411307e-05  1.15306242e-05]
 ...
 [-6.92143648e-05  3.65500465e-05  5.47935418e-05 ...  9.59735676e-05
  -5.33049985e-05 -7.38064398e-05]
 [ 7.22151113e-05  3.90610668e-05  1.73434606e-05 ...  2.46263884e-05
  -1.53949671e-05  1.72918767e-05]
 [-9.57358530e-05 -7.98992194e-05  6.52797471e-05 ... -1.02759047e-04
   6.68050012e-05 -3.30562171e-05]]
calculating condition number...
A:
[[ 2.04390206e-05  2.79550021e-05  1.01523524e-04 ... -9.03328822e-05
   6.53348347e-05 -5.24482545e-05]
 [ 2.47986926e-05 -5.23960461e-05  6.73234318e-06 ...  4.64752436e-05
  -6.75546740e-05  1.04737293e-04]
 [-6.72196804e-05 -1.05565251e-04  4.14558468e-05 ... -1.02484876e-04
  -8.51411307e-05  1.15306242e-05]
 ...
 [-6.92143648e-05  3.65500465e-05  5.47935418e-05 ...  9.59735676e-05
  -5.33049985e-05 -7.38064398e-05]
 [ 7.22151113e-05  3.90610668e-05  1.73434606e-05 ...  2.46263884e-05
  -1.53949671e-05  1.72918767e-05]
 [-9.57358530e-05 -7.98992194e-05  6.52797471e-05 ... -1.02759047e-04
   6.68050012e-05 -3.30562171e-05]]
calculating condition number...
A:
[[ 2.04390206e-05  2.79550021e-05  1.01523524e-04 ... -9.03328822e-05
   6.53348347e-05 -5.24482545e-05]
 [ 2.47986926e-05 -5.23960461e-05  6.73234318e-06 ...  4.64752436e-05
  -6.75546740e-05  1.04737293e-04]
 [-6.72196804e-05 -1.05565251e-04  4.14558468e-05 ... -1.02484876e-04
  -8.51411307e-05  1.15306242e-05]
 ...
 [-6.92143648e-05  3.65500465e-05  5.47935418e-05 ...  9.59735676e-05
  -5.33049985e-05 -7.38064398e-05]
 [ 7.22151113e-05  3.90610668e-05  1.73434606e-05 ...  2.46263884e-05
  -1.53949671e-05  1.72918767e-05]
 [-9.57358530e-05 -7.98992194e-05  6.52797471e-05 ... -1.02759047e-04
   6.68050012e-05 -3.30562171e-05]]
calculating condition number...
A:
[[ 2.04390206e-05  2.79550021e-05  1.01523524e-04 ... -9.03328822e-05
   6.53348347e-05 -5.24482545e-05]
 [ 2.47986926e-05 -5.23960461e-05  6.73234318e-06 ...  4.64752436e-05
  -6.75546740e-05  1.04737293e-04]
 [-6.72196804e-05 -1.05565251e-04  4.14558468e-05 ... -1.02484876e-04
  -8.51411307e-05  1.15306242e-05]
 ...
 [-6.92143648e-05  3.65500465e-05  5.47935418e-05 ...  9.59735676e-05
  -5.33049985e-05 -7.38064398e-05]
 [ 7.22151113e-05  3.90610668e-05  1.73434606e-05 ...  2.46263884e-05
  -1.53949671e-05  1.72918767e-05]
 [-9.57358530e-05 -7.98992194e-05  6.52797471e-05 ... -1.02759047e-04
   6.68050012e-05 -3.30562171e-05]]
calculating condition number...
A:
[[ 2.04390206e-05  2.79550021e-05  1.01523524e-04 ... -9.03328822e-05
   6.53348347e-05 -5.24482545e-05]
 [ 2.47986926e-05 -5.23960461e-05  6.73234318e-06 ...  4.64752436e-05
  -6.75546740e-05  1.04737293e-04]
 [-6.72196804e-05 -1.05565251e-04  4.14558468e-05 ... -1.02484876e-04
  -8.51411307e-05  1.15306242e-05]
 ...
 [-6.92143648e-05  3.65500465e-05  5.47935418e-05 ...  9.59735676e-05
  -5.33049985e-05 -7.38064398e-05]
 [ 7.22151113e-05  3.90610668e-05  1.73434606e-05 ...  2.46263884e-05
  -1.53949671e-05  1.72918767e-05]
 [-9.57358530e-05 -7.98992194e-05  6.52797471e-05 ... -1.02759047e-04
   6.68050012e-05 -3.30562171e-05]]
calculating condition number...
deg: 121
deg: 121
deg: 121
deg: 121
deg: 121
deg: 121
deg: 121
deg: 121
deg: 121
deg: 121
deg: 121
deg: 121
deg: 121
deg: 121
deg: 121
deg: 121
prepare circuit spends: 16684.754995584488 sec
circuit depth: 485
==================================
qc depth: 486
transpilation spends: 1.2142601013183594 sec
transpiled qc depth: 727
prepare circuit spends: 16694.37052321434 sec
circuit depth: 485
==================================
qc depth: 486
transpilation spends: 1.04579758644104 sec
transpiled qc depth: 727
prepare circuit spends: 16693.916338682175 sec
circuit depth: 485
==================================
qc depth: 486
transpilation spends: 1.0325725078582764 sec
transpiled qc depth: 727
prepare circuit spends: 16702.62944984436 sec
circuit depth: 485
==================================
qc depth: 486
prepare circuit spends: 16695.848475694656 sec
circuit depth: 485
==================================
qc depth: 486
transpilation spends: 1.0661818981170654 sec
transpiled qc depth: 727
transpilation spends: 1.6803867816925049 sec
transpiled qc depth: 727
prepare circuit spends: 16702.825182676315 sec
circuit depth: 485
==================================
qc depth: 486
transpilation spends: 1.093620777130127 sec
transpiled qc depth: 727
prepare circuit spends: 16707.867139577866 sec
circuit depth: 485
==================================
qc depth: 486
prepare circuit spends: 16708.312764167786 sec
circuit depth: 485
==================================
qc depth: 486
transpilation spends: 1.098069190979004 sec
transpiled qc depth: 727
transpilation spends: 1.0892891883850098 sec
transpiled qc depth: 727
prepare circuit spends: 16716.561170101166 sec
circuit depth: 485
==================================
qc depth: 486
prepare circuit spends: 16711.06866812706 sec
circuit depth: 485
==================================
qc depth: 486
transpilation spends: 1.0976803302764893 sec
transpiled qc depth: 727
transpilation spends: 1.1297154426574707 sec
transpiled qc depth: 727
prepare circuit spends: 16722.21518945694 sec
circuit depth: 485
==================================
qc depth: 486
transpilation spends: 1.0633327960968018 sec
transpiled qc depth: 727
prepare circuit spends: 16741.22562479973 sec
circuit depth: 485
==================================
qc depth: 486
transpilation spends: 0.9992003440856934 sec
transpiled qc depth: 727
prepare circuit spends: 16748.690811872482 sec
circuit depth: 485
==================================
qc depth: 486
transpilation spends: 1.064638614654541 sec
transpiled qc depth: 727
prepare circuit spends: 16743.63187289238 sec
circuit depth: 485
==================================
qc depth: 486
prepare circuit spends: 16737.662602186203 sec
circuit depth: 485
==================================
qc depth: 486
transpilation spends: 1.0988736152648926 sec
transpiled qc depth: 727
transpilation spends: 1.1721549034118652 sec
transpiled qc depth: 727
prepare circuit spends: 16816.304844617844 sec
circuit depth: 485
==================================
qc depth: 486
transpilation spends: 1.1843037605285645 sec
transpiled qc depth: 727
-- loop wall time: 19457 sec.


N = 15
MPI is on with True nodes
N = 15
MPI is on with True nodes
N = 15
MPI is on with True nodes
N = 15
MPI is on with True nodes
N = 15
MPI is on with True nodes
N = 15
MPI is on with True nodes
N = 15
MPI is on with True nodes
N = 15
MPI is on with True nodes
N = 15
MPI is on with True nodes
N = 15
MPI is on with True nodes
N = 15
MPI is on with True nodes
N = 15
MPI is on with True nodes
N = 15
MPI is on with True nodes
N = 15
MPI is on with True nodes
N = 15
MPI is on with True nodes
N = 15
MPI is on with True nodes
generate matrix time spent: 137.15338158607483 sec
==================================
generate matrix time spent: 137.6211187839508 sec
==================================
A:
[[ 1.02195323e-05  1.39775311e-05  5.07618710e-05 ...  5.23070262e-05
  -2.08582257e-05  5.17597702e-05]
 [-3.36099125e-05 -5.27827389e-05 -2.07279680e-05 ...  3.00109640e-05
   2.91037407e-05 -1.20062948e-05]
 [-2.57497668e-06  1.48893493e-05  3.80585732e-05 ... -4.08147795e-05
  -2.33994948e-05  6.25875745e-07]
 ...
 [ 1.98828013e-05 -7.15672640e-06 -4.98021091e-05 ... -4.30239147e-05
  -1.23367468e-05  1.47349287e-05]
 [ 2.28641731e-05  1.58675196e-05  2.10763963e-05 ... -3.54657584e-05
   4.85908857e-05 -1.26078612e-05]
 [ 1.24868691e-05  4.79885445e-05 -1.95602368e-05 ...  1.01921435e-05
  -5.67830422e-07 -3.22079343e-05]]
calculating condition number...
generate matrix time spent: 138.48807621002197 sec
==================================
generate matrix time spent: 138.62878227233887 sec
==================================
A:
[[ 1.02195323e-05  1.39775311e-05  5.07618710e-05 ...  5.23070262e-05
  -2.08582257e-05  5.17597702e-05]
 [-3.36099125e-05 -5.27827389e-05 -2.07279680e-05 ...  3.00109640e-05
   2.91037407e-05 -1.20062948e-05]
 [-2.57497668e-06  1.48893493e-05  3.80585732e-05 ... -4.08147795e-05
  -2.33994948e-05  6.25875745e-07]
 ...
 [ 1.98828013e-05 -7.15672640e-06 -4.98021091e-05 ... -4.30239147e-05
  -1.23367468e-05  1.47349287e-05]
 [ 2.28641731e-05  1.58675196e-05  2.10763963e-05 ... -3.54657584e-05
   4.85908857e-05 -1.26078612e-05]
 [ 1.24868691e-05  4.79885445e-05 -1.95602368e-05 ...  1.01921435e-05
  -5.67830422e-07 -3.22079343e-05]]
calculating condition number...
generate matrix time spent: 139.18912816047668 sec
==================================
generate matrix time spent: 139.21764588356018 sec
==================================
generate matrix time spent: 139.25338339805603 sec
==================================
generate matrix time spent: 139.2772262096405 sec
==================================
generate matrix time spent: 139.35387873649597 sec
==================================
generate matrix time spent: 139.37555766105652 sec
==================================
generate matrix time spent: 139.4189145565033 sec
==================================
generate matrix time spent: 139.6267364025116 sec
==================================
generate matrix time spent: 139.65782165527344 sec
==================================
generate matrix time spent: 139.7335741519928 sec
==================================
A:
[[ 1.02195323e-05  1.39775311e-05  5.07618710e-05 ...  5.23070262e-05
  -2.08582257e-05  5.17597702e-05]
 [-3.36099125e-05 -5.27827389e-05 -2.07279680e-05 ...  3.00109640e-05
   2.91037407e-05 -1.20062948e-05]
 [-2.57497668e-06  1.48893493e-05  3.80585732e-05 ... -4.08147795e-05
  -2.33994948e-05  6.25875745e-07]
 ...
 [ 1.98828013e-05 -7.15672640e-06 -4.98021091e-05 ... -4.30239147e-05
  -1.23367468e-05  1.47349287e-05]
 [ 2.28641731e-05  1.58675196e-05  2.10763963e-05 ... -3.54657584e-05
   4.85908857e-05 -1.26078612e-05]
 [ 1.24868691e-05  4.79885445e-05 -1.95602368e-05 ...  1.01921435e-05
  -5.67830422e-07 -3.22079343e-05]]
calculating condition number...
generate matrix time spent: 139.83662152290344 sec
==================================
A:
[[ 1.02195323e-05  1.39775311e-05  5.07618710e-05 ...  5.23070262e-05
  -2.08582257e-05  5.17597702e-05]
 [-3.36099125e-05 -5.27827389e-05 -2.07279680e-05 ...  3.00109640e-05
   2.91037407e-05 -1.20062948e-05]
 [-2.57497668e-06  1.48893493e-05  3.80585732e-05 ... -4.08147795e-05
  -2.33994948e-05  6.25875745e-07]
 ...
 [ 1.98828013e-05 -7.15672640e-06 -4.98021091e-05 ... -4.30239147e-05
  -1.23367468e-05  1.47349287e-05]
 [ 2.28641731e-05  1.58675196e-05  2.10763963e-05 ... -3.54657584e-05
   4.85908857e-05 -1.26078612e-05]
 [ 1.24868691e-05  4.79885445e-05 -1.95602368e-05 ...  1.01921435e-05
  -5.67830422e-07 -3.22079343e-05]]
calculating condition number...
generate matrix time spent: 139.94071865081787 sec
==================================
A:
[[ 1.02195323e-05  1.39775311e-05  5.07618710e-05 ...  5.23070262e-05
  -2.08582257e-05  5.17597702e-05]
 [-3.36099125e-05 -5.27827389e-05 -2.07279680e-05 ...  3.00109640e-05
   2.91037407e-05 -1.20062948e-05]
 [-2.57497668e-06  1.48893493e-05  3.80585732e-05 ... -4.08147795e-05
  -2.33994948e-05  6.25875745e-07]
 ...
 [ 1.98828013e-05 -7.15672640e-06 -4.98021091e-05 ... -4.30239147e-05
  -1.23367468e-05  1.47349287e-05]
 [ 2.28641731e-05  1.58675196e-05  2.10763963e-05 ... -3.54657584e-05
   4.85908857e-05 -1.26078612e-05]
 [ 1.24868691e-05  4.79885445e-05 -1.95602368e-05 ...  1.01921435e-05
  -5.67830422e-07 -3.22079343e-05]]
calculating condition number...
A:
[[ 1.02195323e-05  1.39775311e-05  5.07618710e-05 ...  5.23070262e-05
  -2.08582257e-05  5.17597702e-05]
 [-3.36099125e-05 -5.27827389e-05 -2.07279680e-05 ...  3.00109640e-05
   2.91037407e-05 -1.20062948e-05]
 [-2.57497668e-06  1.48893493e-05  3.80585732e-05 ... -4.08147795e-05
  -2.33994948e-05  6.25875745e-07]
 ...
 [ 1.98828013e-05 -7.15672640e-06 -4.98021091e-05 ... -4.30239147e-05
  -1.23367468e-05  1.47349287e-05]
 [ 2.28641731e-05  1.58675196e-05  2.10763963e-05 ... -3.54657584e-05
   4.85908857e-05 -1.26078612e-05]
 [ 1.24868691e-05  4.79885445e-05 -1.95602368e-05 ...  1.01921435e-05
  -5.67830422e-07 -3.22079343e-05]]
calculating condition number...
A:
[[ 1.02195323e-05  1.39775311e-05  5.07618710e-05 ...  5.23070262e-05
  -2.08582257e-05  5.17597702e-05]
 [-3.36099125e-05 -5.27827389e-05 -2.07279680e-05 ...  3.00109640e-05
   2.91037407e-05 -1.20062948e-05]
 [-2.57497668e-06  1.48893493e-05  3.80585732e-05 ... -4.08147795e-05
  -2.33994948e-05  6.25875745e-07]
 ...
 [ 1.98828013e-05 -7.15672640e-06 -4.98021091e-05 ... -4.30239147e-05
  -1.23367468e-05  1.47349287e-05]
 [ 2.28641731e-05  1.58675196e-05  2.10763963e-05 ... -3.54657584e-05
   4.85908857e-05 -1.26078612e-05]
 [ 1.24868691e-05  4.79885445e-05 -1.95602368e-05 ...  1.01921435e-05
  -5.67830422e-07 -3.22079343e-05]]
calculating condition number...
A:
[[ 1.02195323e-05  1.39775311e-05  5.07618710e-05 ...  5.23070262e-05
  -2.08582257e-05  5.17597702e-05]
 [-3.36099125e-05 -5.27827389e-05 -2.07279680e-05 ...  3.00109640e-05
   2.91037407e-05 -1.20062948e-05]
 [-2.57497668e-06  1.48893493e-05  3.80585732e-05 ... -4.08147795e-05
  -2.33994948e-05  6.25875745e-07]
 ...
 [ 1.98828013e-05 -7.15672640e-06 -4.98021091e-05 ... -4.30239147e-05
  -1.23367468e-05  1.47349287e-05]
 [ 2.28641731e-05  1.58675196e-05  2.10763963e-05 ... -3.54657584e-05
   4.85908857e-05 -1.26078612e-05]
 [ 1.24868691e-05  4.79885445e-05 -1.95602368e-05 ...  1.01921435e-05
  -5.67830422e-07 -3.22079343e-05]]
calculating condition number...
A:
[[ 1.02195323e-05  1.39775311e-05  5.07618710e-05 ...  5.23070262e-05
  -2.08582257e-05  5.17597702e-05]
 [-3.36099125e-05 -5.27827389e-05 -2.07279680e-05 ...  3.00109640e-05
   2.91037407e-05 -1.20062948e-05]
 [-2.57497668e-06  1.48893493e-05  3.80585732e-05 ... -4.08147795e-05
  -2.33994948e-05  6.25875745e-07]
 ...
 [ 1.98828013e-05 -7.15672640e-06 -4.98021091e-05 ... -4.30239147e-05
  -1.23367468e-05  1.47349287e-05]
 [ 2.28641731e-05  1.58675196e-05  2.10763963e-05 ... -3.54657584e-05
   4.85908857e-05 -1.26078612e-05]
 [ 1.24868691e-05  4.79885445e-05 -1.95602368e-05 ...  1.01921435e-05
  -5.67830422e-07 -3.22079343e-05]]
calculating condition number...
A:
[[ 1.02195323e-05  1.39775311e-05  5.07618710e-05 ...  5.23070262e-05
  -2.08582257e-05  5.17597702e-05]
 [-3.36099125e-05 -5.27827389e-05 -2.07279680e-05 ...  3.00109640e-05
   2.91037407e-05 -1.20062948e-05]
 [-2.57497668e-06  1.48893493e-05  3.80585732e-05 ... -4.08147795e-05
  -2.33994948e-05  6.25875745e-07]
 ...
 [ 1.98828013e-05 -7.15672640e-06 -4.98021091e-05 ... -4.30239147e-05
  -1.23367468e-05  1.47349287e-05]
 [ 2.28641731e-05  1.58675196e-05  2.10763963e-05 ... -3.54657584e-05
   4.85908857e-05 -1.26078612e-05]
 [ 1.24868691e-05  4.79885445e-05 -1.95602368e-05 ...  1.01921435e-05
  -5.67830422e-07 -3.22079343e-05]]
calculating condition number...
A:
[[ 1.02195323e-05  1.39775311e-05  5.07618710e-05 ...  5.23070262e-05
  -2.08582257e-05  5.17597702e-05]
 [-3.36099125e-05 -5.27827389e-05 -2.07279680e-05 ...  3.00109640e-05
   2.91037407e-05 -1.20062948e-05]
 [-2.57497668e-06  1.48893493e-05  3.80585732e-05 ... -4.08147795e-05
  -2.33994948e-05  6.25875745e-07]
 ...
 [ 1.98828013e-05 -7.15672640e-06 -4.98021091e-05 ... -4.30239147e-05
  -1.23367468e-05  1.47349287e-05]
 [ 2.28641731e-05  1.58675196e-05  2.10763963e-05 ... -3.54657584e-05
   4.85908857e-05 -1.26078612e-05]
 [ 1.24868691e-05  4.79885445e-05 -1.95602368e-05 ...  1.01921435e-05
  -5.67830422e-07 -3.22079343e-05]]
calculating condition number...
A:
[[ 1.02195323e-05  1.39775311e-05  5.07618710e-05 ...  5.23070262e-05
  -2.08582257e-05  5.17597702e-05]
 [-3.36099125e-05 -5.27827389e-05 -2.07279680e-05 ...  3.00109640e-05
   2.91037407e-05 -1.20062948e-05]
 [-2.57497668e-06  1.48893493e-05  3.80585732e-05 ... -4.08147795e-05
  -2.33994948e-05  6.25875745e-07]
 ...
 [ 1.98828013e-05 -7.15672640e-06 -4.98021091e-05 ... -4.30239147e-05
  -1.23367468e-05  1.47349287e-05]
 [ 2.28641731e-05  1.58675196e-05  2.10763963e-05 ... -3.54657584e-05
   4.85908857e-05 -1.26078612e-05]
 [ 1.24868691e-05  4.79885445e-05 -1.95602368e-05 ...  1.01921435e-05
  -5.67830422e-07 -3.22079343e-05]]
calculating condition number...
A:
[[ 1.02195323e-05  1.39775311e-05  5.07618710e-05 ...  5.23070262e-05
  -2.08582257e-05  5.17597702e-05]
 [-3.36099125e-05 -5.27827389e-05 -2.07279680e-05 ...  3.00109640e-05
   2.91037407e-05 -1.20062948e-05]
 [-2.57497668e-06  1.48893493e-05  3.80585732e-05 ... -4.08147795e-05
  -2.33994948e-05  6.25875745e-07]
 ...
 [ 1.98828013e-05 -7.15672640e-06 -4.98021091e-05 ... -4.30239147e-05
  -1.23367468e-05  1.47349287e-05]
 [ 2.28641731e-05  1.58675196e-05  2.10763963e-05 ... -3.54657584e-05
   4.85908857e-05 -1.26078612e-05]
 [ 1.24868691e-05  4.79885445e-05 -1.95602368e-05 ...  1.01921435e-05
  -5.67830422e-07 -3.22079343e-05]]
calculating condition number...
A:
[[ 1.02195323e-05  1.39775311e-05  5.07618710e-05 ...  5.23070262e-05
  -2.08582257e-05  5.17597702e-05]
 [-3.36099125e-05 -5.27827389e-05 -2.07279680e-05 ...  3.00109640e-05
   2.91037407e-05 -1.20062948e-05]
 [-2.57497668e-06  1.48893493e-05  3.80585732e-05 ... -4.08147795e-05
  -2.33994948e-05  6.25875745e-07]
 ...
 [ 1.98828013e-05 -7.15672640e-06 -4.98021091e-05 ... -4.30239147e-05
  -1.23367468e-05  1.47349287e-05]
 [ 2.28641731e-05  1.58675196e-05  2.10763963e-05 ... -3.54657584e-05
   4.85908857e-05 -1.26078612e-05]
 [ 1.24868691e-05  4.79885445e-05 -1.95602368e-05 ...  1.01921435e-05
  -5.67830422e-07 -3.22079343e-05]]
calculating condition number...
A:
[[ 1.02195323e-05  1.39775311e-05  5.07618710e-05 ...  5.23070262e-05
  -2.08582257e-05  5.17597702e-05]
 [-3.36099125e-05 -5.27827389e-05 -2.07279680e-05 ...  3.00109640e-05
   2.91037407e-05 -1.20062948e-05]
 [-2.57497668e-06  1.48893493e-05  3.80585732e-05 ... -4.08147795e-05
  -2.33994948e-05  6.25875745e-07]
 ...
 [ 1.98828013e-05 -7.15672640e-06 -4.98021091e-05 ... -4.30239147e-05
  -1.23367468e-05  1.47349287e-05]
 [ 2.28641731e-05  1.58675196e-05  2.10763963e-05 ... -3.54657584e-05
   4.85908857e-05 -1.26078612e-05]
 [ 1.24868691e-05  4.79885445e-05 -1.95602368e-05 ...  1.01921435e-05
  -5.67830422e-07 -3.22079343e-05]]
calculating condition number...
A:
[[ 1.02195323e-05  1.39775311e-05  5.07618710e-05 ...  5.23070262e-05
  -2.08582257e-05  5.17597702e-05]
 [-3.36099125e-05 -5.27827389e-05 -2.07279680e-05 ...  3.00109640e-05
   2.91037407e-05 -1.20062948e-05]
 [-2.57497668e-06  1.48893493e-05  3.80585732e-05 ... -4.08147795e-05
  -2.33994948e-05  6.25875745e-07]
 ...
 [ 1.98828013e-05 -7.15672640e-06 -4.98021091e-05 ... -4.30239147e-05
  -1.23367468e-05  1.47349287e-05]
 [ 2.28641731e-05  1.58675196e-05  2.10763963e-05 ... -3.54657584e-05
   4.85908857e-05 -1.26078612e-05]
 [ 1.24868691e-05  4.79885445e-05 -1.95602368e-05 ...  1.01921435e-05
  -5.67830422e-07 -3.22079343e-05]]
calculating condition number...
deg: 121
deg: 121
deg: 121
deg: 121
deg: 121
deg: 121
deg: 121
deg: 121
deg: 121
deg: 121
deg: 121
deg: 121
deg: 121
deg: 121
deg: 121
deg: 121
