 SLURM_JOB_ID = 15377
 SLURM_NTASKS = 1
 SLURM_NNODES = 1
 SLURM_NTASKS_PER_NODE = 1
 SLURM_CPUS_PER_TASK = 112
 SLURM_TASK_PID = 616328
 SLURM_NODELIST = icpnp234
 SLURM_SUBMIT_DIR = /home/u6945379/QSVT-implementation
 SLURM_MEM_BIND = none
 SLURM_MPI_TYPE = pmix
 OMP_PROC_BIND = 
 OMP_PLACES = 
 OMP_DYNAMIC = 
 
:: WARNING: setvars.sh has already been run. Skipping re-execution.
   To force a re-execution of setvars.sh, use the '--force' option.
   Using '--force' can result in excessive use of your environment variables.
  
usage: source setvars.sh [--force] [--config=file] [--help] [...]
  --force        Force setvars.sh to re-run, doing so may overload environment.
  --config=file  Customize env vars using a setvars.sh configuration file.
  --help         Display this help message and exit.
  ...            Additional args are passed to individual env/vars.sh scripts
                 and should follow this script's arguments.
  
  Some POSIX shells do not accept command-line options. In that case, you can pass
  command-line options via the SETVARS_ARGS environment variable. For example:
  
  $ SETVARS_ARGS="ia32 --config=config.txt" ; export SETVARS_ARGS
  $ . path/to/setvars.sh
  
  The SETVARS_ARGS environment variable is cleared on exiting setvars.sh.
  
no change     /home/u6945379/miniconda3/condabin/conda
no change     /home/u6945379/miniconda3/bin/conda
no change     /home/u6945379/miniconda3/bin/conda-env
no change     /home/u6945379/miniconda3/bin/activate
no change     /home/u6945379/miniconda3/bin/deactivate
no change     /home/u6945379/miniconda3/etc/profile.d/conda.sh
no change     /home/u6945379/miniconda3/etc/fish/conf.d/conda.fish
no change     /home/u6945379/miniconda3/shell/condabin/Conda.psm1
no change     /home/u6945379/miniconda3/shell/condabin/conda-hook.ps1
no change     /home/u6945379/miniconda3/lib/python3.12/site-packages/xontrib/conda.xsh
no change     /home/u6945379/miniconda3/etc/profile.d/conda.csh
no change     /home/u6945379/.bashrc
No action taken.
Number of nodes: 1
N = 10
MPI is on with True nodes
generate matrix time spent: 0.13792872428894043 sec
==================================
A:
[[ 3.27077114e-04  4.47352229e-04  1.62463857e-03 ... -6.76429688e-04
  -9.32679238e-04  1.57668290e-03]
 [ 4.82660598e-04  1.34466885e-03 -4.50036345e-04 ...  1.52876659e-03
  -1.63211137e-03 -2.61416135e-04]
 [-3.34238771e-04 -7.50758488e-04  9.50501076e-06 ...  1.54074464e-03
   6.54198473e-04 -1.69133381e-03]
 ...
 [-9.74077995e-04 -9.73116282e-04 -2.93790222e-04 ... -1.47178018e-03
   1.36344667e-03 -5.48885302e-04]
 [ 1.17118559e-03 -6.78704624e-04  3.53106085e-04 ...  1.29621780e-03
  -6.86192241e-04 -7.98892753e-05]
 [ 7.67801925e-04  5.87723899e-04  9.85784971e-04 ... -1.62021402e-03
   9.14399137e-04 -1.50269069e-03]]
calculating condition number...
deg: 121
prepare circuit spends: 4.018243312835693 sec
circuit depth: 485
==================================
qc depth: 486
transpilation spends: 1.0175323486328125 sec
transpiled qc depth: 727
run job spends: 67.33352780342102 sec
myrank: 0
==========================================================
total execution time (exclude snapshot): 72.36930346488953 sec
-- loop wall time: 94 sec.


N = 11
MPI is on with True nodes
generate matrix time spent: 0.5529093742370605 sec
==================================
A:
[[ 1.63576561e-04 -2.23728093e-04  8.12508054e-04 ...  5.48265379e-04
  -7.90431184e-04 -1.74768295e-04]
 [ 1.67158221e-04  3.75466476e-04  4.75360978e-06 ...  3.58027707e-04
  -2.26215163e-05 -7.69222434e-04]
 [ 3.11098167e-04 -2.64452368e-04 -7.66525663e-04 ...  2.89703052e-04
   4.11490466e-05 -2.72602360e-04]
 ...
 [ 1.25474078e-05  1.96660240e-04 -1.74509591e-04 ... -3.29527848e-04
   2.03616941e-04 -7.50513456e-04]
 [ 6.90401353e-04 -6.50920263e-04  6.95726388e-04 ... -1.89376545e-05
   7.21816501e-06 -2.09153380e-04]
 [ 2.79616254e-04 -3.92088130e-04 -4.01477273e-04 ... -7.59308678e-04
  -7.36131222e-05  4.69208552e-04]]
calculating condition number...
deg: 121
prepare circuit spends: 28.66561794281006 sec
circuit depth: 485
==================================
qc depth: 486
transpilation spends: 1.0833301544189453 sec
transpiled qc depth: 727
run job spends: 321.84382033348083 sec
myrank: 0
==========================================================
total execution time (exclude snapshot): 351.59276843070984 sec
-- loop wall time: 368 sec.


N = 12
MPI is on with True nodes
generate matrix time spent: 2.178126335144043 sec
==================================
A:
[[ 8.17682458e-05  1.11836645e-04  4.06154512e-04 ...  1.09415447e-04
  -2.80653658e-04 -3.52283719e-04]
 [-1.55510981e-04 -1.32193794e-04 -3.83168949e-04 ... -7.71067576e-05
  -5.87220523e-05  4.14548310e-04]
 [-1.35733407e-04 -1.95307662e-04  1.07224617e-04 ... -3.05271601e-04
  -2.51113295e-04 -2.24979339e-04]
 ...
 [-3.03248702e-04  9.84035597e-05  2.46788585e-04 ...  3.38365150e-04
   1.33435965e-04 -1.10240462e-04]
 [-8.27117108e-05 -2.27411109e-05  3.41002360e-04 ... -3.90424332e-04
  -2.18777664e-04  4.16684448e-04]
 [-5.66457172e-06  2.02264681e-04 -3.39288632e-04 ...  4.15284058e-04
  -6.80592158e-05  2.68016844e-04]]
calculating condition number...
deg: 121
prepare circuit spends: 243.37900471687317 sec
circuit depth: 485
==================================
qc depth: 486
transpilation spends: 0.1303856372833252 sec
transpiled qc depth: 727
run job spends: 1364.1903069019318 sec
myrank: 0
==========================================================
total execution time (exclude snapshot): 1607.6996972560883 sec
-- loop wall time: 1638 sec.


N = 13
MPI is on with True nodes
generate matrix time spent: 8.64340877532959 sec
==================================
A:
[[ 4.08763684e-05  5.59077164e-05 -2.03038739e-04 ... -5.91384431e-05
  -1.86534284e-04  1.80188673e-04]
 [ 6.78538315e-05  9.76353090e-05 -5.36021401e-05 ... -1.96095386e-04
   1.17516995e-04 -1.95138852e-04]
 [-4.95953556e-05 -1.04787804e-04  1.34641354e-05 ...  1.88368778e-04
  -1.60582063e-06 -9.12708004e-05]
 ...
 [ 1.37263181e-04  1.63600564e-05 -1.24543788e-04 ... -1.48450210e-04
  -2.11368445e-04 -1.99582901e-04]
 [-5.45233005e-05 -1.70896079e-04  9.51684825e-05 ... -1.05390789e-04
   5.36907580e-05  5.72243713e-05]
 [-7.51398869e-05 -2.04554809e-04 -1.78484761e-04 ... -8.00097651e-05
  -1.42831006e-04 -9.41163335e-05]]
calculating condition number...
deg: 121
prepare circuit spends: 1987.9441485404968 sec
circuit depth: 485
==================================
qc depth: 486
transpilation spends: 0.13115668296813965 sec
transpiled qc depth: 727
-- loop wall time: 3262 sec.


N = 14
MPI is on with True nodes
generate matrix time spent: 34.85150218009949 sec
==================================
A:
[[ 2.04390206e-05  2.79550021e-05  1.01523524e-04 ... -9.03328822e-05
   6.53348347e-05 -5.24482545e-05]
 [ 2.47986926e-05 -5.23960461e-05  6.73234318e-06 ...  4.64752436e-05
  -6.75546740e-05  1.04737293e-04]
 [-6.72196804e-05 -1.05565251e-04  4.14558468e-05 ... -1.02484876e-04
  -8.51411307e-05  1.15306242e-05]
 ...
 [-6.92143648e-05  3.65500465e-05  5.47935418e-05 ...  9.59735676e-05
  -5.33049985e-05 -7.38064398e-05]
 [ 7.22151113e-05  3.90610668e-05  1.73434606e-05 ...  2.46263884e-05
  -1.53949671e-05  1.72918767e-05]
 [-9.57358530e-05 -7.98992194e-05  6.52797471e-05 ... -1.02759047e-04
   6.68050012e-05 -3.30562171e-05]]
calculating condition number...
deg: 121
prepare circuit spends: 16697.340622901917 sec
circuit depth: 485
==================================
qc depth: 486
transpilation spends: 1.106391191482544 sec
transpiled qc depth: 727
-- loop wall time: 19450 sec.


N = 15
MPI is on with True nodes
generate matrix time spent: 138.49353909492493 sec
==================================
A:
[[ 1.02195323e-05  1.39775311e-05  5.07618710e-05 ...  5.23070262e-05
  -2.08582257e-05  5.17597702e-05]
 [-3.36099125e-05 -5.27827389e-05 -2.07279680e-05 ...  3.00109640e-05
   2.91037407e-05 -1.20062948e-05]
 [-2.57497668e-06  1.48893493e-05  3.80585732e-05 ... -4.08147795e-05
  -2.33994948e-05  6.25875745e-07]
 ...
 [ 1.98828013e-05 -7.15672640e-06 -4.98021091e-05 ... -4.30239147e-05
  -1.23367468e-05  1.47349287e-05]
 [ 2.28641731e-05  1.58675196e-05  2.10763963e-05 ... -3.54657584e-05
   4.85908857e-05 -1.26078612e-05]
 [ 1.24868691e-05  4.79885445e-05 -1.95602368e-05 ...  1.01921435e-05
  -5.67830422e-07 -3.22079343e-05]]
calculating condition number...
deg: 121
