 SLURM_JOB_ID = 12349
 SLURM_NTASKS = 4
 SLURM_NNODES = 4
 SLURM_NTASKS_PER_NODE = 1
 SLURM_CPUS_PER_TASK = 112
 SLURM_TASK_PID = 4104652
 SLURM_NODELIST = icpnp[121-124]
 SLURM_SUBMIT_DIR = /home/u6945379/QSVT-implementation
 SLURM_MEM_BIND = none
 SLURM_MPI_TYPE = pmix
 OMP_PROC_BIND = 
 OMP_PLACES = 
 OMP_DYNAMIC = 
Number of nodes: 4
N = 10
MPI is on with True nodes
N = 10
MPI is on with True nodes
N = 10
MPI is on with True nodes
N = 10
MPI is on with True nodes
generate matrix time spent: 0.1376209259033203 sec
==================================
generate matrix time spent: 0.1376495361328125 sec
==================================
A:
[[ 3.27077114e-04  4.47352229e-04  1.62463857e-03 ... -6.76429688e-04
  -9.32679238e-04  1.57668290e-03]
 [ 4.82660598e-04  1.34466885e-03 -4.50036345e-04 ...  1.52876659e-03
  -1.63211137e-03 -2.61416135e-04]
 [-3.34238771e-04 -7.50758488e-04  9.50501076e-06 ...  1.54074464e-03
   6.54198473e-04 -1.69133381e-03]
 ...
 [-9.74077995e-04 -9.73116282e-04 -2.93790222e-04 ... -1.47178018e-03
   1.36344667e-03 -5.48885302e-04]
 [ 1.17118559e-03 -6.78704624e-04  3.53106085e-04 ...  1.29621780e-03
  -6.86192241e-04 -7.98892753e-05]
 [ 7.67801925e-04  5.87723899e-04  9.85784971e-04 ... -1.62021402e-03
   9.14399137e-04 -1.50269069e-03]]
calculating condition number...
generate matrix time spent: 0.13881754875183105 sec
==================================
A:
[[ 3.27077114e-04  4.47352229e-04  1.62463857e-03 ... -6.76429688e-04
  -9.32679238e-04  1.57668290e-03]
 [ 4.82660598e-04  1.34466885e-03 -4.50036345e-04 ...  1.52876659e-03
  -1.63211137e-03 -2.61416135e-04]
 [-3.34238771e-04 -7.50758488e-04  9.50501076e-06 ...  1.54074464e-03
   6.54198473e-04 -1.69133381e-03]
 ...
 [-9.74077995e-04 -9.73116282e-04 -2.93790222e-04 ... -1.47178018e-03
   1.36344667e-03 -5.48885302e-04]
 [ 1.17118559e-03 -6.78704624e-04  3.53106085e-04 ...  1.29621780e-03
  -6.86192241e-04 -7.98892753e-05]
 [ 7.67801925e-04  5.87723899e-04  9.85784971e-04 ... -1.62021402e-03
   9.14399137e-04 -1.50269069e-03]]
calculating condition number...
generate matrix time spent: 0.1396033763885498 sec
==================================
A:
[[ 3.27077114e-04  4.47352229e-04  1.62463857e-03 ... -6.76429688e-04
  -9.32679238e-04  1.57668290e-03]
 [ 4.82660598e-04  1.34466885e-03 -4.50036345e-04 ...  1.52876659e-03
  -1.63211137e-03 -2.61416135e-04]
 [-3.34238771e-04 -7.50758488e-04  9.50501076e-06 ...  1.54074464e-03
   6.54198473e-04 -1.69133381e-03]
 ...
 [-9.74077995e-04 -9.73116282e-04 -2.93790222e-04 ... -1.47178018e-03
   1.36344667e-03 -5.48885302e-04]
 [ 1.17118559e-03 -6.78704624e-04  3.53106085e-04 ...  1.29621780e-03
  -6.86192241e-04 -7.98892753e-05]
 [ 7.67801925e-04  5.87723899e-04  9.85784971e-04 ... -1.62021402e-03
   9.14399137e-04 -1.50269069e-03]]
calculating condition number...
A:
[[ 3.27077114e-04  4.47352229e-04  1.62463857e-03 ... -6.76429688e-04
  -9.32679238e-04  1.57668290e-03]
 [ 4.82660598e-04  1.34466885e-03 -4.50036345e-04 ...  1.52876659e-03
  -1.63211137e-03 -2.61416135e-04]
 [-3.34238771e-04 -7.50758488e-04  9.50501076e-06 ...  1.54074464e-03
   6.54198473e-04 -1.69133381e-03]
 ...
 [-9.74077995e-04 -9.73116282e-04 -2.93790222e-04 ... -1.47178018e-03
   1.36344667e-03 -5.48885302e-04]
 [ 1.17118559e-03 -6.78704624e-04  3.53106085e-04 ...  1.29621780e-03
  -6.86192241e-04 -7.98892753e-05]
 [ 7.67801925e-04  5.87723899e-04  9.85784971e-04 ... -1.62021402e-03
   9.14399137e-04 -1.50269069e-03]]
calculating condition number...
deg: 121
deg: 121
deg: 121
deg: 121
prepare circuit spends: 4.024906158447266 sec
circuit depth: 485
==================================
qc depth: 486
prepare circuit spends: 4.014083623886108 sec
circuit depth: 485
==================================
qc depth: 486
prepare circuit spends: 4.029687881469727 sec
circuit depth: 485
==================================
prepare circuit spends: 4.029716491699219 sec
qc depth: 486
circuit depth: 485
==================================
qc depth: 486
transpilation spends: 0.2195754051208496 sec
transpilation spends: 0.22049856185913086 sec
transpilation spends: 0.2349543571472168 sec
transpiled qc depth: 727
transpiled qc depth: 727
transpiled qc depth: 727
transpilation spends: 0.24371552467346191 sec
transpiled qc depth: 727
-- loop wall time: 33 sec.


N = 11
MPI is on with True nodes
N = 11
MPI is on with True nodes
N = 11
MPI is on with True nodes
N = 11
MPI is on with True nodes
generate matrix time spent: 0.5472614765167236 sec
==================================
generate matrix time spent: 0.5480773448944092 sec
==================================
generate matrix time spent: 0.550649881362915 sec
==================================
generate matrix time spent: 0.550285816192627 sec
==================================
A:
[[ 1.63576561e-04 -2.23728093e-04  8.12508054e-04 ...  5.48265379e-04
  -7.90431184e-04 -1.74768295e-04]
 [ 1.67158221e-04  3.75466476e-04  4.75360978e-06 ...  3.58027707e-04
  -2.26215163e-05 -7.69222434e-04]
 [ 3.11098167e-04 -2.64452368e-04 -7.66525663e-04 ...  2.89703052e-04
   4.11490466e-05 -2.72602360e-04]
 ...
 [ 1.25474078e-05  1.96660240e-04 -1.74509591e-04 ... -3.29527848e-04
   2.03616941e-04 -7.50513456e-04]
 [ 6.90401353e-04 -6.50920263e-04  6.95726388e-04 ... -1.89376545e-05
   7.21816501e-06 -2.09153380e-04]
 [ 2.79616254e-04 -3.92088130e-04 -4.01477273e-04 ... -7.59308678e-04
  -7.36131222e-05  4.69208552e-04]]
calculating condition number...
A:
[[ 1.63576561e-04 -2.23728093e-04  8.12508054e-04 ...  5.48265379e-04
  -7.90431184e-04 -1.74768295e-04]
 [ 1.67158221e-04  3.75466476e-04  4.75360978e-06 ...  3.58027707e-04
  -2.26215163e-05 -7.69222434e-04]
 [ 3.11098167e-04 -2.64452368e-04 -7.66525663e-04 ...  2.89703052e-04
   4.11490466e-05 -2.72602360e-04]
 ...
 [ 1.25474078e-05  1.96660240e-04 -1.74509591e-04 ... -3.29527848e-04
   2.03616941e-04 -7.50513456e-04]
 [ 6.90401353e-04 -6.50920263e-04  6.95726388e-04 ... -1.89376545e-05
   7.21816501e-06 -2.09153380e-04]
 [ 2.79616254e-04 -3.92088130e-04 -4.01477273e-04 ... -7.59308678e-04
  -7.36131222e-05  4.69208552e-04]]
calculating condition number...
A:
[[ 1.63576561e-04 -2.23728093e-04  8.12508054e-04 ...  5.48265379e-04
  -7.90431184e-04 -1.74768295e-04]
 [ 1.67158221e-04  3.75466476e-04  4.75360978e-06 ...  3.58027707e-04
  -2.26215163e-05 -7.69222434e-04]
 [ 3.11098167e-04 -2.64452368e-04 -7.66525663e-04 ...  2.89703052e-04
   4.11490466e-05 -2.72602360e-04]
 ...
 [ 1.25474078e-05  1.96660240e-04 -1.74509591e-04 ... -3.29527848e-04
   2.03616941e-04 -7.50513456e-04]
 [ 6.90401353e-04 -6.50920263e-04  6.95726388e-04 ... -1.89376545e-05
   7.21816501e-06 -2.09153380e-04]
 [ 2.79616254e-04 -3.92088130e-04 -4.01477273e-04 ... -7.59308678e-04
  -7.36131222e-05  4.69208552e-04]]
calculating condition number...
A:
[[ 1.63576561e-04 -2.23728093e-04  8.12508054e-04 ...  5.48265379e-04
  -7.90431184e-04 -1.74768295e-04]
 [ 1.67158221e-04  3.75466476e-04  4.75360978e-06 ...  3.58027707e-04
  -2.26215163e-05 -7.69222434e-04]
 [ 3.11098167e-04 -2.64452368e-04 -7.66525663e-04 ...  2.89703052e-04
   4.11490466e-05 -2.72602360e-04]
 ...
 [ 1.25474078e-05  1.96660240e-04 -1.74509591e-04 ... -3.29527848e-04
   2.03616941e-04 -7.50513456e-04]
 [ 6.90401353e-04 -6.50920263e-04  6.95726388e-04 ... -1.89376545e-05
   7.21816501e-06 -2.09153380e-04]
 [ 2.79616254e-04 -3.92088130e-04 -4.01477273e-04 ... -7.59308678e-04
  -7.36131222e-05  4.69208552e-04]]
calculating condition number...
deg: 121
deg: 121
deg: 121
deg: 121
prepare circuit spends: 28.610520839691162 sec
circuit depth: 485
==================================
qc depth: 486
prepare circuit spends: 28.60738754272461 sec
circuit depth: 485
==================================
qc depth: 486
prepare circuit spends: 28.617990970611572 sec
circuit depth: 485
==================================
qc depth: 486
prepare circuit spends: 28.654629945755005 sec
circuit depth: 485
==================================
qc depth: 486
transpilation spends: 0.1292433738708496 sec
transpiled qc depth: 727
transpilation spends: 0.13008546829223633 sec
transpiled qc depth: 727
transpilation spends: 0.12897729873657227 sec
transpiled qc depth: 727
transpilation spends: 0.12917494773864746 sec
transpiled qc depth: 727
-- loop wall time: 116 sec.


N = 12
MPI is on with True nodes
N = 12
MPI is on with True nodes
N = 12
MPI is on with True nodes
N = 12
MPI is on with True nodes
generate matrix time spent: 2.161377429962158 sec
==================================
generate matrix time spent: 2.1615121364593506 sec
==================================
generate matrix time spent: 2.1774890422821045 sec
==================================
A:
[[ 8.17682458e-05  1.11836645e-04  4.06154512e-04 ...  1.09415447e-04
  -2.80653658e-04 -3.52283719e-04]
 [-1.55510981e-04 -1.32193794e-04 -3.83168949e-04 ... -7.71067576e-05
  -5.87220523e-05  4.14548310e-04]
 [-1.35733407e-04 -1.95307662e-04  1.07224617e-04 ... -3.05271601e-04
  -2.51113295e-04 -2.24979339e-04]
 ...
 [-3.03248702e-04  9.84035597e-05  2.46788585e-04 ...  3.38365150e-04
   1.33435965e-04 -1.10240462e-04]
 [-8.27117108e-05 -2.27411109e-05  3.41002360e-04 ... -3.90424332e-04
  -2.18777664e-04  4.16684448e-04]
 [-5.66457172e-06  2.02264681e-04 -3.39288632e-04 ...  4.15284058e-04
  -6.80592158e-05  2.68016844e-04]]
calculating condition number...
A:
[[ 8.17682458e-05  1.11836645e-04  4.06154512e-04 ...  1.09415447e-04
  -2.80653658e-04 -3.52283719e-04]
 [-1.55510981e-04 -1.32193794e-04 -3.83168949e-04 ... -7.71067576e-05
  -5.87220523e-05  4.14548310e-04]
 [-1.35733407e-04 -1.95307662e-04  1.07224617e-04 ... -3.05271601e-04
  -2.51113295e-04 -2.24979339e-04]
 ...
 [-3.03248702e-04  9.84035597e-05  2.46788585e-04 ...  3.38365150e-04
   1.33435965e-04 -1.10240462e-04]
 [-8.27117108e-05 -2.27411109e-05  3.41002360e-04 ... -3.90424332e-04
  -2.18777664e-04  4.16684448e-04]
 [-5.66457172e-06  2.02264681e-04 -3.39288632e-04 ...  4.15284058e-04
  -6.80592158e-05  2.68016844e-04]]
calculating condition number...
generate matrix time spent: 2.1888887882232666 sec
==================================
A:
[[ 8.17682458e-05  1.11836645e-04  4.06154512e-04 ...  1.09415447e-04
  -2.80653658e-04 -3.52283719e-04]
 [-1.55510981e-04 -1.32193794e-04 -3.83168949e-04 ... -7.71067576e-05
  -5.87220523e-05  4.14548310e-04]
 [-1.35733407e-04 -1.95307662e-04  1.07224617e-04 ... -3.05271601e-04
  -2.51113295e-04 -2.24979339e-04]
 ...
 [-3.03248702e-04  9.84035597e-05  2.46788585e-04 ...  3.38365150e-04
   1.33435965e-04 -1.10240462e-04]
 [-8.27117108e-05 -2.27411109e-05  3.41002360e-04 ... -3.90424332e-04
  -2.18777664e-04  4.16684448e-04]
 [-5.66457172e-06  2.02264681e-04 -3.39288632e-04 ...  4.15284058e-04
  -6.80592158e-05  2.68016844e-04]]
calculating condition number...
A:
[[ 8.17682458e-05  1.11836645e-04  4.06154512e-04 ...  1.09415447e-04
  -2.80653658e-04 -3.52283719e-04]
 [-1.55510981e-04 -1.32193794e-04 -3.83168949e-04 ... -7.71067576e-05
  -5.87220523e-05  4.14548310e-04]
 [-1.35733407e-04 -1.95307662e-04  1.07224617e-04 ... -3.05271601e-04
  -2.51113295e-04 -2.24979339e-04]
 ...
 [-3.03248702e-04  9.84035597e-05  2.46788585e-04 ...  3.38365150e-04
   1.33435965e-04 -1.10240462e-04]
 [-8.27117108e-05 -2.27411109e-05  3.41002360e-04 ... -3.90424332e-04
  -2.18777664e-04  4.16684448e-04]
 [-5.66457172e-06  2.02264681e-04 -3.39288632e-04 ...  4.15284058e-04
  -6.80592158e-05  2.68016844e-04]]
calculating condition number...
deg: 121
deg: 121
deg: 121
deg: 121
prepare circuit spends: 244.59329867362976 sec
circuit depth: 485
==================================
qc depth: 486
transpilation spends: 0.13208413124084473 sec
transpiled qc depth: 727
prepare circuit spends: 244.90039563179016 sec
circuit depth: 485
==================================
qc depth: 486
transpilation spends: 0.27716779708862305 sec
transpiled qc depth: 727
prepare circuit spends: 245.4103879928589 sec
circuit depth: 485
==================================
qc depth: 486
transpilation spends: 0.1446373462677002 sec
transpiled qc depth: 727
prepare circuit spends: 245.75360584259033 sec
circuit depth: 485
==================================
qc depth: 486
transpilation spends: 0.2783646583557129 sec
transpiled qc depth: 727
-- loop wall time: 637 sec.


N = 13
MPI is on with True nodes
N = 13
MPI is on with True nodes
N = 13
MPI is on with True nodes
N = 13
MPI is on with True nodes
generate matrix time spent: 8.686074495315552 sec
==================================
generate matrix time spent: 8.712306022644043 sec
==================================
generate matrix time spent: 8.733234167098999 sec
==================================
A:
[[ 4.08763684e-05  5.59077164e-05 -2.03038739e-04 ... -5.91384431e-05
  -1.86534284e-04  1.80188673e-04]
 [ 6.78538315e-05  9.76353090e-05 -5.36021401e-05 ... -1.96095386e-04
   1.17516995e-04 -1.95138852e-04]
 [-4.95953556e-05 -1.04787804e-04  1.34641354e-05 ...  1.88368778e-04
  -1.60582063e-06 -9.12708004e-05]
 ...
 [ 1.37263181e-04  1.63600564e-05 -1.24543788e-04 ... -1.48450210e-04
  -2.11368445e-04 -1.99582901e-04]
 [-5.45233005e-05 -1.70896079e-04  9.51684825e-05 ... -1.05390789e-04
   5.36907580e-05  5.72243713e-05]
 [-7.51398869e-05 -2.04554809e-04 -1.78484761e-04 ... -8.00097651e-05
  -1.42831006e-04 -9.41163335e-05]]
calculating condition number...
A:
[[ 4.08763684e-05  5.59077164e-05 -2.03038739e-04 ... -5.91384431e-05
  -1.86534284e-04  1.80188673e-04]
 [ 6.78538315e-05  9.76353090e-05 -5.36021401e-05 ... -1.96095386e-04
   1.17516995e-04 -1.95138852e-04]
 [-4.95953556e-05 -1.04787804e-04  1.34641354e-05 ...  1.88368778e-04
  -1.60582063e-06 -9.12708004e-05]
 ...
 [ 1.37263181e-04  1.63600564e-05 -1.24543788e-04 ... -1.48450210e-04
  -2.11368445e-04 -1.99582901e-04]
 [-5.45233005e-05 -1.70896079e-04  9.51684825e-05 ... -1.05390789e-04
   5.36907580e-05  5.72243713e-05]
 [-7.51398869e-05 -2.04554809e-04 -1.78484761e-04 ... -8.00097651e-05
  -1.42831006e-04 -9.41163335e-05]]
calculating condition number...
A:
[[ 4.08763684e-05  5.59077164e-05 -2.03038739e-04 ... -5.91384431e-05
  -1.86534284e-04  1.80188673e-04]
 [ 6.78538315e-05  9.76353090e-05 -5.36021401e-05 ... -1.96095386e-04
   1.17516995e-04 -1.95138852e-04]
 [-4.95953556e-05 -1.04787804e-04  1.34641354e-05 ...  1.88368778e-04
  -1.60582063e-06 -9.12708004e-05]
 ...
 [ 1.37263181e-04  1.63600564e-05 -1.24543788e-04 ... -1.48450210e-04
  -2.11368445e-04 -1.99582901e-04]
 [-5.45233005e-05 -1.70896079e-04  9.51684825e-05 ... -1.05390789e-04
   5.36907580e-05  5.72243713e-05]
 [-7.51398869e-05 -2.04554809e-04 -1.78484761e-04 ... -8.00097651e-05
  -1.42831006e-04 -9.41163335e-05]]
calculating condition number...
generate matrix time spent: 9.822487592697144 sec
==================================
A:
[[ 4.08763684e-05  5.59077164e-05 -2.03038739e-04 ... -5.91384431e-05
  -1.86534284e-04  1.80188673e-04]
 [ 6.78538315e-05  9.76353090e-05 -5.36021401e-05 ... -1.96095386e-04
   1.17516995e-04 -1.95138852e-04]
 [-4.95953556e-05 -1.04787804e-04  1.34641354e-05 ...  1.88368778e-04
  -1.60582063e-06 -9.12708004e-05]
 ...
 [ 1.37263181e-04  1.63600564e-05 -1.24543788e-04 ... -1.48450210e-04
  -2.11368445e-04 -1.99582901e-04]
 [-5.45233005e-05 -1.70896079e-04  9.51684825e-05 ... -1.05390789e-04
   5.36907580e-05  5.72243713e-05]
 [-7.51398869e-05 -2.04554809e-04 -1.78484761e-04 ... -8.00097651e-05
  -1.42831006e-04 -9.41163335e-05]]
calculating condition number...
deg: 121
deg: 121
deg: 121
deg: 121
prepare circuit spends: 1984.2265167236328 sec
circuit depth: 485
==================================
qc depth: 486
transpilation spends: 0.16636157035827637 sec
transpiled qc depth: 727
prepare circuit spends: 1985.4139521121979 sec
circuit depth: 485
==================================
qc depth: 486
transpilation spends: 0.1557295322418213 sec
transpiled qc depth: 727
prepare circuit spends: 1987.570476770401 sec
circuit depth: 485
==================================
qc depth: 486
transpilation spends: 0.15207576751708984 sec
transpiled qc depth: 727
prepare circuit spends: 1987.0838272571564 sec
circuit depth: 485
==================================
qc depth: 486
transpilation spends: 0.15268826484680176 sec
transpiled qc depth: 727
-- loop wall time: 3261 sec.


N = 14
MPI is on with True nodes
N = 14
MPI is on with True nodes
N = 14
MPI is on with True nodes
N = 14
MPI is on with True nodes
generate matrix time spent: 34.6183123588562 sec
==================================
generate matrix time spent: 34.67980337142944 sec
==================================
generate matrix time spent: 34.83558464050293 sec
==================================
A:
[[ 2.04390206e-05  2.79550021e-05  1.01523524e-04 ... -9.03328822e-05
   6.53348347e-05 -5.24482545e-05]
 [ 2.47986926e-05 -5.23960461e-05  6.73234318e-06 ...  4.64752436e-05
  -6.75546740e-05  1.04737293e-04]
 [-6.72196804e-05 -1.05565251e-04  4.14558468e-05 ... -1.02484876e-04
  -8.51411307e-05  1.15306242e-05]
 ...
 [-6.92143648e-05  3.65500465e-05  5.47935418e-05 ...  9.59735676e-05
  -5.33049985e-05 -7.38064398e-05]
 [ 7.22151113e-05  3.90610668e-05  1.73434606e-05 ...  2.46263884e-05
  -1.53949671e-05  1.72918767e-05]
 [-9.57358530e-05 -7.98992194e-05  6.52797471e-05 ... -1.02759047e-04
   6.68050012e-05 -3.30562171e-05]]
calculating condition number...
A:
[[ 2.04390206e-05  2.79550021e-05  1.01523524e-04 ... -9.03328822e-05
   6.53348347e-05 -5.24482545e-05]
 [ 2.47986926e-05 -5.23960461e-05  6.73234318e-06 ...  4.64752436e-05
  -6.75546740e-05  1.04737293e-04]
 [-6.72196804e-05 -1.05565251e-04  4.14558468e-05 ... -1.02484876e-04
  -8.51411307e-05  1.15306242e-05]
 ...
 [-6.92143648e-05  3.65500465e-05  5.47935418e-05 ...  9.59735676e-05
  -5.33049985e-05 -7.38064398e-05]
 [ 7.22151113e-05  3.90610668e-05  1.73434606e-05 ...  2.46263884e-05
  -1.53949671e-05  1.72918767e-05]
 [-9.57358530e-05 -7.98992194e-05  6.52797471e-05 ... -1.02759047e-04
   6.68050012e-05 -3.30562171e-05]]
calculating condition number...
generate matrix time spent: 35.06333541870117 sec
==================================
A:
[[ 2.04390206e-05  2.79550021e-05  1.01523524e-04 ... -9.03328822e-05
   6.53348347e-05 -5.24482545e-05]
 [ 2.47986926e-05 -5.23960461e-05  6.73234318e-06 ...  4.64752436e-05
  -6.75546740e-05  1.04737293e-04]
 [-6.72196804e-05 -1.05565251e-04  4.14558468e-05 ... -1.02484876e-04
  -8.51411307e-05  1.15306242e-05]
 ...
 [-6.92143648e-05  3.65500465e-05  5.47935418e-05 ...  9.59735676e-05
  -5.33049985e-05 -7.38064398e-05]
 [ 7.22151113e-05  3.90610668e-05  1.73434606e-05 ...  2.46263884e-05
  -1.53949671e-05  1.72918767e-05]
 [-9.57358530e-05 -7.98992194e-05  6.52797471e-05 ... -1.02759047e-04
   6.68050012e-05 -3.30562171e-05]]
calculating condition number...
A:
[[ 2.04390206e-05  2.79550021e-05  1.01523524e-04 ... -9.03328822e-05
   6.53348347e-05 -5.24482545e-05]
 [ 2.47986926e-05 -5.23960461e-05  6.73234318e-06 ...  4.64752436e-05
  -6.75546740e-05  1.04737293e-04]
 [-6.72196804e-05 -1.05565251e-04  4.14558468e-05 ... -1.02484876e-04
  -8.51411307e-05  1.15306242e-05]
 ...
 [-6.92143648e-05  3.65500465e-05  5.47935418e-05 ...  9.59735676e-05
  -5.33049985e-05 -7.38064398e-05]
 [ 7.22151113e-05  3.90610668e-05  1.73434606e-05 ...  2.46263884e-05
  -1.53949671e-05  1.72918767e-05]
 [-9.57358530e-05 -7.98992194e-05  6.52797471e-05 ... -1.02759047e-04
   6.68050012e-05 -3.30562171e-05]]
calculating condition number...
deg: 121
deg: 121
deg: 121
deg: 121
prepare circuit spends: 16649.032520771027 sec
circuit depth: 485
==================================
qc depth: 486
transpilation spends: 0.1506805419921875 sec
transpiled qc depth: 727
prepare circuit spends: 16642.94476532936 sec
circuit depth: 485
==================================
qc depth: 486
transpilation spends: 0.1528489589691162 sec
transpiled qc depth: 727
prepare circuit spends: 16667.01414322853 sec
circuit depth: 485
==================================
qc depth: 486
transpilation spends: 0.16209673881530762 sec
transpiled qc depth: 727
prepare circuit spends: 16661.483205795288 sec
circuit depth: 485
==================================
qc depth: 486
transpilation spends: 0.15343713760375977 sec
transpiled qc depth: 727
-- loop wall time: 19394 sec.


N = 15
MPI is on with True nodes
N = 15
MPI is on with True nodes
N = 15
MPI is on with True nodes
N = 15
MPI is on with True nodes
generate matrix time spent: 137.37130451202393 sec
==================================
generate matrix time spent: 137.8552589416504 sec
==================================
A:
[[ 1.02195323e-05  1.39775311e-05  5.07618710e-05 ...  5.23070262e-05
  -2.08582257e-05  5.17597702e-05]
 [-3.36099125e-05 -5.27827389e-05 -2.07279680e-05 ...  3.00109640e-05
   2.91037407e-05 -1.20062948e-05]
 [-2.57497668e-06  1.48893493e-05  3.80585732e-05 ... -4.08147795e-05
  -2.33994948e-05  6.25875745e-07]
 ...
 [ 1.98828013e-05 -7.15672640e-06 -4.98021091e-05 ... -4.30239147e-05
  -1.23367468e-05  1.47349287e-05]
 [ 2.28641731e-05  1.58675196e-05  2.10763963e-05 ... -3.54657584e-05
   4.85908857e-05 -1.26078612e-05]
 [ 1.24868691e-05  4.79885445e-05 -1.95602368e-05 ...  1.01921435e-05
  -5.67830422e-07 -3.22079343e-05]]
calculating condition number...
A:
[[ 1.02195323e-05  1.39775311e-05  5.07618710e-05 ...  5.23070262e-05
  -2.08582257e-05  5.17597702e-05]
 [-3.36099125e-05 -5.27827389e-05 -2.07279680e-05 ...  3.00109640e-05
   2.91037407e-05 -1.20062948e-05]
 [-2.57497668e-06  1.48893493e-05  3.80585732e-05 ... -4.08147795e-05
  -2.33994948e-05  6.25875745e-07]
 ...
 [ 1.98828013e-05 -7.15672640e-06 -4.98021091e-05 ... -4.30239147e-05
  -1.23367468e-05  1.47349287e-05]
 [ 2.28641731e-05  1.58675196e-05  2.10763963e-05 ... -3.54657584e-05
   4.85908857e-05 -1.26078612e-05]
 [ 1.24868691e-05  4.79885445e-05 -1.95602368e-05 ...  1.01921435e-05
  -5.67830422e-07 -3.22079343e-05]]
calculating condition number...
generate matrix time spent: 139.65280890464783 sec
==================================
generate matrix time spent: 139.6869661808014 sec
==================================
A:
[[ 1.02195323e-05  1.39775311e-05  5.07618710e-05 ...  5.23070262e-05
  -2.08582257e-05  5.17597702e-05]
 [-3.36099125e-05 -5.27827389e-05 -2.07279680e-05 ...  3.00109640e-05
   2.91037407e-05 -1.20062948e-05]
 [-2.57497668e-06  1.48893493e-05  3.80585732e-05 ... -4.08147795e-05
  -2.33994948e-05  6.25875745e-07]
 ...
 [ 1.98828013e-05 -7.15672640e-06 -4.98021091e-05 ... -4.30239147e-05
  -1.23367468e-05  1.47349287e-05]
 [ 2.28641731e-05  1.58675196e-05  2.10763963e-05 ... -3.54657584e-05
   4.85908857e-05 -1.26078612e-05]
 [ 1.24868691e-05  4.79885445e-05 -1.95602368e-05 ...  1.01921435e-05
  -5.67830422e-07 -3.22079343e-05]]
calculating condition number...
A:
[[ 1.02195323e-05  1.39775311e-05  5.07618710e-05 ...  5.23070262e-05
  -2.08582257e-05  5.17597702e-05]
 [-3.36099125e-05 -5.27827389e-05 -2.07279680e-05 ...  3.00109640e-05
   2.91037407e-05 -1.20062948e-05]
 [-2.57497668e-06  1.48893493e-05  3.80585732e-05 ... -4.08147795e-05
  -2.33994948e-05  6.25875745e-07]
 ...
 [ 1.98828013e-05 -7.15672640e-06 -4.98021091e-05 ... -4.30239147e-05
  -1.23367468e-05  1.47349287e-05]
 [ 2.28641731e-05  1.58675196e-05  2.10763963e-05 ... -3.54657584e-05
   4.85908857e-05 -1.26078612e-05]
 [ 1.24868691e-05  4.79885445e-05 -1.95602368e-05 ...  1.01921435e-05
  -5.67830422e-07 -3.22079343e-05]]
calculating condition number...
deg: 121
deg: 121
deg: 121
deg: 121
